  [1m[36m (18.2ms)[0m  [1mCREATE TABLE "schema_migrations" ("version" character varying(255) NOT NULL) [0m
  [1m[35m (7.5ms)[0m  CREATE UNIQUE INDEX  "unique_schema_migrations" ON "schema_migrations"  ("version")
  [1m[36mActiveRecord::SchemaMigration Load (1.1ms)[0m  [1mSELECT "schema_migrations".* FROM "schema_migrations"[0m
Migrating to CreateUrls (20140717062533)
  [1m[35m (1.3ms)[0m  BEGIN
  [1m[36m (22.2ms)[0m  [1mCREATE TABLE "urls" ("id" serial primary key, "link" character varying(255), "random_string" character varying(255), "created_at" timestamp, "updated_at" timestamp) [0m
  [1m[35mSQL (2.1ms)[0m  INSERT INTO "schema_migrations" ("version") VALUES ($1)  [["version", "20140717062533"]]
  [1m[36m (0.6ms)[0m  [1mCOMMIT[0m
  [1m[35mActiveRecord::SchemaMigration Load (0.4ms)[0m  SELECT "schema_migrations".* FROM "schema_migrations"


Started GET "/" for 127.0.0.1 at 2014-07-16 23:45:38 -0700
  [1m[36mActiveRecord::SchemaMigration Load (2.5ms)[0m  [1mSELECT "schema_migrations".* FROM "schema_migrations"[0m
Processing by Rails::WelcomeController#index as HTML
  Rendered /Users/anthonysallows/.rvm/rubies/ruby-2.1.1/lib/ruby/gems/2.1.0/gems/railties-4.1.1/lib/rails/templates/rails/welcome/index.html.erb (2.3ms)
Completed 200 OK in 28ms (Views: 14.3ms | ActiveRecord: 0.0ms)


Started GET "/" for 127.0.0.1 at 2014-07-16 23:47:47 -0700
  [1m[36mActiveRecord::SchemaMigration Load (1.6ms)[0m  [1mSELECT "schema_migrations".* FROM "schema_migrations"[0m
Processing by Rails::WelcomeController#index as HTML
  Rendered /Users/anthonysallows/.rvm/rubies/ruby-2.1.1/lib/ruby/gems/2.1.0/gems/railties-4.1.1/lib/rails/templates/rails/welcome/index.html.erb (2.8ms)
Completed 200 OK in 27ms (Views: 12.7ms | ActiveRecord: 0.0ms)


Started GET "/" for 127.0.0.1 at 2014-07-17 00:24:06 -0700
  [1m[36mActiveRecord::SchemaMigration Load (1.1ms)[0m  [1mSELECT "schema_migrations".* FROM "schema_migrations"[0m
Processing by UrlsController#index as HTML
Completed 500 Internal Server Error in 17ms

NameError (uninitialized constant UrlsController::Urls):
  app/controllers/urls_controller.rb:6:in `index'


  Rendered /Users/anthonysallows/.rvm/gems/ruby-2.1.2/gems/actionpack-4.1.4/lib/action_dispatch/middleware/templates/rescues/_source.erb (0.7ms)
  Rendered /Users/anthonysallows/.rvm/gems/ruby-2.1.2/gems/actionpack-4.1.4/lib/action_dispatch/middleware/templates/rescues/_trace.html.erb (1.3ms)
  Rendered /Users/anthonysallows/.rvm/gems/ruby-2.1.2/gems/actionpack-4.1.4/lib/action_dispatch/middleware/templates/rescues/_request_and_response.html.erb (2.8ms)
  Rendered /Users/anthonysallows/.rvm/gems/ruby-2.1.2/gems/actionpack-4.1.4/lib/action_dispatch/middleware/templates/rescues/diagnostics.erb within rescues/layout (25.7ms)


Started GET "/" for 127.0.0.1 at 2014-07-17 02:03:15 -0700
  [1m[36mActiveRecord::SchemaMigration Load (2.8ms)[0m  [1mSELECT "schema_migrations".* FROM "schema_migrations"[0m
Processing by UrlsController#index as HTML
Completed 500 Internal Server Error in 15ms

NameError (uninitialized constant UrlsController::Urls):
  app/controllers/urls_controller.rb:6:in `index'


  Rendered /Users/anthonysallows/.rvm/gems/ruby-2.1.2/gems/actionpack-4.1.4/lib/action_dispatch/middleware/templates/rescues/_source.erb (0.8ms)
  Rendered /Users/anthonysallows/.rvm/gems/ruby-2.1.2/gems/actionpack-4.1.4/lib/action_dispatch/middleware/templates/rescues/_trace.html.erb (1.2ms)
  Rendered /Users/anthonysallows/.rvm/gems/ruby-2.1.2/gems/actionpack-4.1.4/lib/action_dispatch/middleware/templates/rescues/_request_and_response.html.erb (1.6ms)
  Rendered /Users/anthonysallows/.rvm/gems/ruby-2.1.2/gems/actionpack-4.1.4/lib/action_dispatch/middleware/templates/rescues/diagnostics.erb within rescues/layout (27.6ms)


Started GET "/" for 127.0.0.1 at 2014-07-17 02:03:15 -0700
Processing by UrlsController#index as HTML
Completed 500 Internal Server Error in 1ms

NameError (uninitialized constant UrlsController::Urls):
  app/controllers/urls_controller.rb:6:in `index'


  Rendered /Users/anthonysallows/.rvm/gems/ruby-2.1.2/gems/actionpack-4.1.4/lib/action_dispatch/middleware/templates/rescues/_source.erb (0.6ms)
  Rendered /Users/anthonysallows/.rvm/gems/ruby-2.1.2/gems/actionpack-4.1.4/lib/action_dispatch/middleware/templates/rescues/_trace.html.erb (1.0ms)
  Rendered /Users/anthonysallows/.rvm/gems/ruby-2.1.2/gems/actionpack-4.1.4/lib/action_dispatch/middleware/templates/rescues/_request_and_response.html.erb (0.8ms)
  Rendered /Users/anthonysallows/.rvm/gems/ruby-2.1.2/gems/actionpack-4.1.4/lib/action_dispatch/middleware/templates/rescues/diagnostics.erb within rescues/layout (14.1ms)


Started GET "/index" for 127.0.0.1 at 2014-07-17 02:03:23 -0700

ActionController::RoutingError (No route matches [GET] "/index"):
  actionpack (4.1.4) lib/action_dispatch/middleware/debug_exceptions.rb:21:in `call'
  actionpack (4.1.4) lib/action_dispatch/middleware/show_exceptions.rb:30:in `call'
  railties (4.1.4) lib/rails/rack/logger.rb:38:in `call_app'
  railties (4.1.4) lib/rails/rack/logger.rb:20:in `block in call'
  activesupport (4.1.4) lib/active_support/tagged_logging.rb:68:in `block in tagged'
  activesupport (4.1.4) lib/active_support/tagged_logging.rb:26:in `tagged'
  activesupport (4.1.4) lib/active_support/tagged_logging.rb:68:in `tagged'
  railties (4.1.4) lib/rails/rack/logger.rb:20:in `call'
  actionpack (4.1.4) lib/action_dispatch/middleware/request_id.rb:21:in `call'
  rack (1.5.2) lib/rack/methodoverride.rb:21:in `call'
  rack (1.5.2) lib/rack/runtime.rb:17:in `call'
  activesupport (4.1.4) lib/active_support/cache/strategy/local_cache_middleware.rb:26:in `call'
  rack (1.5.2) lib/rack/lock.rb:17:in `call'
  actionpack (4.1.4) lib/action_dispatch/middleware/static.rb:64:in `call'
  rack (1.5.2) lib/rack/sendfile.rb:112:in `call'
  railties (4.1.4) lib/rails/engine.rb:514:in `call'
  railties (4.1.4) lib/rails/application.rb:144:in `call'
  rack (1.5.2) lib/rack/lock.rb:17:in `call'
  rack (1.5.2) lib/rack/content_length.rb:14:in `call'
  rack (1.5.2) lib/rack/handler/webrick.rb:60:in `service'
  /Users/anthonysallows/.rvm/rubies/ruby-2.1.2/lib/ruby/2.1.0/webrick/httpserver.rb:138:in `service'
  /Users/anthonysallows/.rvm/rubies/ruby-2.1.2/lib/ruby/2.1.0/webrick/httpserver.rb:94:in `run'
  /Users/anthonysallows/.rvm/rubies/ruby-2.1.2/lib/ruby/2.1.0/webrick/server.rb:295:in `block in start_thread'


  Rendered /Users/anthonysallows/.rvm/gems/ruby-2.1.2/gems/actionpack-4.1.4/lib/action_dispatch/middleware/templates/rescues/_trace.html.erb (1.3ms)
  Rendered /Users/anthonysallows/.rvm/gems/ruby-2.1.2/gems/actionpack-4.1.4/lib/action_dispatch/middleware/templates/routes/_route.html.erb (0.8ms)
  Rendered /Users/anthonysallows/.rvm/gems/ruby-2.1.2/gems/actionpack-4.1.4/lib/action_dispatch/middleware/templates/routes/_table.html.erb (8.2ms)
  Rendered /Users/anthonysallows/.rvm/gems/ruby-2.1.2/gems/actionpack-4.1.4/lib/action_dispatch/middleware/templates/rescues/routing_error.html.erb within rescues/layout (30.0ms)


Started GET "/urls/index" for 127.0.0.1 at 2014-07-17 02:03:38 -0700

ActionController::RoutingError (No route matches [GET] "/urls/index"):
  actionpack (4.1.4) lib/action_dispatch/middleware/debug_exceptions.rb:21:in `call'
  actionpack (4.1.4) lib/action_dispatch/middleware/show_exceptions.rb:30:in `call'
  railties (4.1.4) lib/rails/rack/logger.rb:38:in `call_app'
  railties (4.1.4) lib/rails/rack/logger.rb:20:in `block in call'
  activesupport (4.1.4) lib/active_support/tagged_logging.rb:68:in `block in tagged'
  activesupport (4.1.4) lib/active_support/tagged_logging.rb:26:in `tagged'
  activesupport (4.1.4) lib/active_support/tagged_logging.rb:68:in `tagged'
  railties (4.1.4) lib/rails/rack/logger.rb:20:in `call'
  actionpack (4.1.4) lib/action_dispatch/middleware/request_id.rb:21:in `call'
  rack (1.5.2) lib/rack/methodoverride.rb:21:in `call'
  rack (1.5.2) lib/rack/runtime.rb:17:in `call'
  activesupport (4.1.4) lib/active_support/cache/strategy/local_cache_middleware.rb:26:in `call'
  rack (1.5.2) lib/rack/lock.rb:17:in `call'
  actionpack (4.1.4) lib/action_dispatch/middleware/static.rb:64:in `call'
  rack (1.5.2) lib/rack/sendfile.rb:112:in `call'
  railties (4.1.4) lib/rails/engine.rb:514:in `call'
  railties (4.1.4) lib/rails/application.rb:144:in `call'
  rack (1.5.2) lib/rack/lock.rb:17:in `call'
  rack (1.5.2) lib/rack/content_length.rb:14:in `call'
  rack (1.5.2) lib/rack/handler/webrick.rb:60:in `service'
  /Users/anthonysallows/.rvm/rubies/ruby-2.1.2/lib/ruby/2.1.0/webrick/httpserver.rb:138:in `service'
  /Users/anthonysallows/.rvm/rubies/ruby-2.1.2/lib/ruby/2.1.0/webrick/httpserver.rb:94:in `run'
  /Users/anthonysallows/.rvm/rubies/ruby-2.1.2/lib/ruby/2.1.0/webrick/server.rb:295:in `block in start_thread'


  Rendered /Users/anthonysallows/.rvm/gems/ruby-2.1.2/gems/actionpack-4.1.4/lib/action_dispatch/middleware/templates/rescues/_trace.html.erb (1.5ms)
  Rendered /Users/anthonysallows/.rvm/gems/ruby-2.1.2/gems/actionpack-4.1.4/lib/action_dispatch/middleware/templates/routes/_route.html.erb (1.1ms)
  Rendered /Users/anthonysallows/.rvm/gems/ruby-2.1.2/gems/actionpack-4.1.4/lib/action_dispatch/middleware/templates/routes/_table.html.erb (1.1ms)
  Rendered /Users/anthonysallows/.rvm/gems/ruby-2.1.2/gems/actionpack-4.1.4/lib/action_dispatch/middleware/templates/rescues/routing_error.html.erb within rescues/layout (21.8ms)


Started GET "/" for 127.0.0.1 at 2014-07-17 02:03:51 -0700
Processing by UrlsController#index as HTML
Completed 500 Internal Server Error in 1ms

NameError (uninitialized constant UrlsController::Urls):
  app/controllers/urls_controller.rb:6:in `index'


  Rendered /Users/anthonysallows/.rvm/gems/ruby-2.1.2/gems/actionpack-4.1.4/lib/action_dispatch/middleware/templates/rescues/_source.erb (0.7ms)
  Rendered /Users/anthonysallows/.rvm/gems/ruby-2.1.2/gems/actionpack-4.1.4/lib/action_dispatch/middleware/templates/rescues/_trace.html.erb (2.1ms)
  Rendered /Users/anthonysallows/.rvm/gems/ruby-2.1.2/gems/actionpack-4.1.4/lib/action_dispatch/middleware/templates/rescues/_request_and_response.html.erb (1.6ms)
  Rendered /Users/anthonysallows/.rvm/gems/ruby-2.1.2/gems/actionpack-4.1.4/lib/action_dispatch/middleware/templates/rescues/diagnostics.erb within rescues/layout (20.2ms)
  [1m[36mActiveRecord::SchemaMigration Load (0.6ms)[0m  [1mSELECT "schema_migrations".* FROM "schema_migrations"[0m
  [1m[35m (1.2ms)[0m  BEGIN
  [1m[36mSQL (10.1ms)[0m  [1mINSERT INTO "urls" ("created_at", "link", "random_string", "updated_at") VALUES ($1, $2, $3, $4) RETURNING "id"[0m  [["created_at", "2014-07-17 09:25:19.862011"], ["link", "www.google.com"], ["random_string", "34thde"], ["updated_at", "2014-07-17 09:25:19.862011"]]
  [1m[35m (2.2ms)[0m  COMMIT
  [1m[36m (0.2ms)[0m  [1mBEGIN[0m
  [1m[35mSQL (0.4ms)[0m  INSERT INTO "urls" ("created_at", "link", "random_string", "updated_at") VALUES ($1, $2, $3, $4) RETURNING "id"  [["created_at", "2014-07-17 09:25:19.884806"], ["link", "www.github.com"], ["random_string", "bites87"], ["updated_at", "2014-07-17 09:25:19.884806"]]
  [1m[36m (0.4ms)[0m  [1mCOMMIT[0m


Started GET "/" for 127.0.0.1 at 2014-07-17 02:26:15 -0700
  [1m[36mActiveRecord::SchemaMigration Load (0.5ms)[0m  [1mSELECT "schema_migrations".* FROM "schema_migrations"[0m
Processing by UrlsController#index as HTML
Completed 500 Internal Server Error in 12ms

NameError (uninitialized constant UrlsController::Urls):
  app/controllers/urls_controller.rb:4:in `index'


  Rendered /Users/anthonysallows/.rvm/gems/ruby-2.1.2/gems/actionpack-4.1.4/lib/action_dispatch/middleware/templates/rescues/_source.erb (0.8ms)
  Rendered /Users/anthonysallows/.rvm/gems/ruby-2.1.2/gems/actionpack-4.1.4/lib/action_dispatch/middleware/templates/rescues/_trace.html.erb (2.1ms)
  Rendered /Users/anthonysallows/.rvm/gems/ruby-2.1.2/gems/actionpack-4.1.4/lib/action_dispatch/middleware/templates/rescues/_request_and_response.html.erb (1.3ms)
  Rendered /Users/anthonysallows/.rvm/gems/ruby-2.1.2/gems/actionpack-4.1.4/lib/action_dispatch/middleware/templates/rescues/diagnostics.erb within rescues/layout (24.5ms)


Started GET "/" for 127.0.0.1 at 2014-07-17 02:27:46 -0700
Processing by UrlsController#index as HTML
Completed 500 Internal Server Error in 1ms

NameError (uninitialized constant UrlsController::Urls):
  app/controllers/urls_controller.rb:4:in `index'


  Rendered /Users/anthonysallows/.rvm/gems/ruby-2.1.2/gems/actionpack-4.1.4/lib/action_dispatch/middleware/templates/rescues/_source.erb (0.5ms)
  Rendered /Users/anthonysallows/.rvm/gems/ruby-2.1.2/gems/actionpack-4.1.4/lib/action_dispatch/middleware/templates/rescues/_trace.html.erb (1.0ms)
  Rendered /Users/anthonysallows/.rvm/gems/ruby-2.1.2/gems/actionpack-4.1.4/lib/action_dispatch/middleware/templates/rescues/_request_and_response.html.erb (1.0ms)
  Rendered /Users/anthonysallows/.rvm/gems/ruby-2.1.2/gems/actionpack-4.1.4/lib/action_dispatch/middleware/templates/rescues/diagnostics.erb within rescues/layout (13.9ms)


Started GET "/" for 127.0.0.1 at 2014-07-17 02:28:11 -0700
Processing by UrlsController#index as HTML
  Rendered urls/index.html.erb within layouts/application (4.8ms)
Completed 500 Internal Server Error in 10ms

ActionView::Template::Error (undefined method `model_name' for Url::ActiveRecord_Relation:Class):
    1: <h1>Ritly: A URL shortener</h1>
    2: 
    3: <%= form_for @urls do |f| %>
    4: <%= label_tag(:link, "URL:") %>
    5: <% end %>
  app/views/urls/index.html.erb:3:in `_app_views_urls_index_html_erb___1926870076618540358_70264113536300'


  Rendered /Users/anthonysallows/.rvm/gems/ruby-2.1.2/gems/actionpack-4.1.4/lib/action_dispatch/middleware/templates/rescues/_trace.html.erb (1.6ms)
  Rendered /Users/anthonysallows/.rvm/gems/ruby-2.1.2/gems/actionpack-4.1.4/lib/action_dispatch/middleware/templates/rescues/_request_and_response.html.erb (0.8ms)
  Rendered /Users/anthonysallows/.rvm/gems/ruby-2.1.2/gems/actionpack-4.1.4/lib/action_dispatch/middleware/templates/rescues/template_error.html.erb within rescues/layout (14.7ms)


Started GET "/" for 127.0.0.1 at 2014-07-17 02:29:37 -0700
Processing by UrlsController#index as HTML
  Rendered urls/index.html.erb within layouts/application (0.6ms)
Completed 500 Internal Server Error in 3ms

SyntaxError (/Users/anthonysallows/Documents/General Assembly/Mini Projects/ritly/ritly_app/ritly/app/views/urls/index.html.erb:5: syntax error, unexpected keyword_end
'.freeze;@output_buffer.append=( end );@output_buffer.to_s
                                    ^
/Users/anthonysallows/Documents/General Assembly/Mini Projects/ritly/ritly_app/ritly/app/views/urls/index.html.erb:6: syntax error, unexpected keyword_ensure, expecting ')'
/Users/anthonysallows/Documents/General Assembly/Mini Projects/ritly/ritly_app/ritly/app/views/urls/index.html.erb:8: syntax error, unexpected keyword_end, expecting ')'):
  app/views/urls/index.html.erb:5: syntax error, unexpected keyword_end
  app/views/urls/index.html.erb:6: syntax error, unexpected keyword_ensure, expecting ')'
  app/views/urls/index.html.erb:8: syntax error, unexpected keyword_end, expecting ')'


  Rendered /Users/anthonysallows/.rvm/gems/ruby-2.1.2/gems/actionpack-4.1.4/lib/action_dispatch/middleware/templates/rescues/_source.erb (0.7ms)
  Rendered /Users/anthonysallows/.rvm/gems/ruby-2.1.2/gems/actionpack-4.1.4/lib/action_dispatch/middleware/templates/rescues/_trace.html.erb (1.3ms)
  Rendered /Users/anthonysallows/.rvm/gems/ruby-2.1.2/gems/actionpack-4.1.4/lib/action_dispatch/middleware/templates/rescues/_request_and_response.html.erb (1.1ms)
  Rendered /Users/anthonysallows/.rvm/gems/ruby-2.1.2/gems/actionpack-4.1.4/lib/action_dispatch/middleware/templates/rescues/diagnostics.erb within rescues/layout (15.2ms)


Started GET "/" for 127.0.0.1 at 2014-07-17 02:31:01 -0700
Processing by UrlsController#index as HTML
  Rendered urls/index.html.erb within layouts/application (0.6ms)
Completed 500 Internal Server Error in 2ms

SyntaxError (/Users/anthonysallows/Documents/General Assembly/Mini Projects/ritly/ritly_app/ritly/app/views/urls/index.html.erb:6: syntax error, unexpected keyword_end
@output_buffer.append=( end );@output_buffer.to_s
                           ^
/Users/anthonysallows/Documents/General Assembly/Mini Projects/ritly/ritly_app/ritly/app/views/urls/index.html.erb:7: syntax error, unexpected keyword_ensure, expecting ')'
/Users/anthonysallows/Documents/General Assembly/Mini Projects/ritly/ritly_app/ritly/app/views/urls/index.html.erb:9: syntax error, unexpected keyword_end, expecting ')'):
  app/views/urls/index.html.erb:6: syntax error, unexpected keyword_end
  app/views/urls/index.html.erb:7: syntax error, unexpected keyword_ensure, expecting ')'
  app/views/urls/index.html.erb:9: syntax error, unexpected keyword_end, expecting ')'


  Rendered /Users/anthonysallows/.rvm/gems/ruby-2.1.2/gems/actionpack-4.1.4/lib/action_dispatch/middleware/templates/rescues/_source.erb (0.6ms)
  Rendered /Users/anthonysallows/.rvm/gems/ruby-2.1.2/gems/actionpack-4.1.4/lib/action_dispatch/middleware/templates/rescues/_trace.html.erb (1.3ms)
  Rendered /Users/anthonysallows/.rvm/gems/ruby-2.1.2/gems/actionpack-4.1.4/lib/action_dispatch/middleware/templates/rescues/_request_and_response.html.erb (0.8ms)
  Rendered /Users/anthonysallows/.rvm/gems/ruby-2.1.2/gems/actionpack-4.1.4/lib/action_dispatch/middleware/templates/rescues/diagnostics.erb within rescues/layout (14.1ms)


Started GET "/" for 127.0.0.1 at 2014-07-17 02:31:36 -0700
Processing by UrlsController#index as HTML
  [1m[35mUrl Load (1.1ms)[0m  SELECT "urls".* FROM "urls"
  Rendered urls/index.html.erb within layouts/application (19154.4ms)
Completed 200 OK in 19777ms (Views: 19772.5ms | ActiveRecord: 3.5ms)


Started GET "/assets/turbolinks.js?body=1" for 127.0.0.1 at 2014-07-17 02:31:55 -0700


Started GET "/assets/urls.css?body=1" for 127.0.0.1 at 2014-07-17 02:31:55 -0700


Started GET "/assets/jquery_ujs.js?body=1" for 127.0.0.1 at 2014-07-17 02:31:55 -0700


Started GET "/assets/jquery.js?body=1" for 127.0.0.1 at 2014-07-17 02:31:56 -0700


Started GET "/assets/urls.js?body=1" for 127.0.0.1 at 2014-07-17 02:31:56 -0700


Started GET "/assets/application.css?body=1" for 127.0.0.1 at 2014-07-17 02:31:56 -0700


Started GET "/assets/application.js?body=1" for 127.0.0.1 at 2014-07-17 02:31:56 -0700


Started GET "/" for 127.0.0.1 at 2014-07-17 02:32:11 -0700
Processing by UrlsController#index as HTML
  [1m[36mUrl Load (2.9ms)[0m  [1mSELECT "urls".* FROM "urls"[0m
  Rendered urls/index.html.erb within layouts/application (6.3ms)
Completed 200 OK in 14ms (Views: 9.7ms | ActiveRecord: 2.9ms)


Started GET "/assets/urls.css?body=1" for 127.0.0.1 at 2014-07-17 02:32:11 -0700


Started GET "/assets/application.css?body=1" for 127.0.0.1 at 2014-07-17 02:32:12 -0700


Started GET "/assets/jquery.js?body=1" for 127.0.0.1 at 2014-07-17 02:32:12 -0700


Started GET "/assets/turbolinks.js?body=1" for 127.0.0.1 at 2014-07-17 02:32:12 -0700


Started GET "/assets/jquery_ujs.js?body=1" for 127.0.0.1 at 2014-07-17 02:32:12 -0700


Started GET "/assets/urls.js?body=1" for 127.0.0.1 at 2014-07-17 02:32:12 -0700


Started GET "/assets/application.js?body=1" for 127.0.0.1 at 2014-07-17 02:32:12 -0700


Started GET "/" for 127.0.0.1 at 2014-07-17 15:25:42 -0700
  [1m[36mActiveRecord::SchemaMigration Load (1.9ms)[0m  [1mSELECT "schema_migrations".* FROM "schema_migrations"[0m
Processing by UrlsController#index as HTML
  [1m[35mUrl Load (1.4ms)[0m  SELECT "urls".* FROM "urls"
  Rendered urls/index.html.erb within layouts/application (12.3ms)
Completed 200 OK in 82ms (Views: 62.9ms | ActiveRecord: 5.5ms)


Started GET "/assets/application.css?body=1" for 127.0.0.1 at 2014-07-17 15:25:43 -0700


Started GET "/assets/urls.css?body=1" for 127.0.0.1 at 2014-07-17 15:25:43 -0700


Started GET "/assets/jquery.js?body=1" for 127.0.0.1 at 2014-07-17 15:25:43 -0700


Started GET "/assets/urls.js?body=1" for 127.0.0.1 at 2014-07-17 15:25:43 -0700


Started GET "/assets/jquery_ujs.js?body=1" for 127.0.0.1 at 2014-07-17 15:25:43 -0700


Started GET "/assets/application.js?body=1" for 127.0.0.1 at 2014-07-17 15:25:43 -0700


Started GET "/assets/turbolinks.js?body=1" for 127.0.0.1 at 2014-07-17 15:25:43 -0700


Started GET "/" for 127.0.0.1 at 2014-07-17 15:26:11 -0700
Processing by UrlsController#index as HTML
  [1m[36mUrl Load (0.4ms)[0m  [1mSELECT "urls".* FROM "urls"[0m
  Rendered urls/index.html.erb within layouts/application (77005.6ms)
Completed 200 OK in 77011ms (Views: 77009.6ms | ActiveRecord: 0.4ms)


Started GET "/assets/urls.css?body=1" for 127.0.0.1 at 2014-07-17 15:27:28 -0700


Started GET "/assets/application.css?body=1" for 127.0.0.1 at 2014-07-17 15:27:28 -0700


Started GET "/assets/jquery_ujs.js?body=1" for 127.0.0.1 at 2014-07-17 15:27:28 -0700


Started GET "/assets/turbolinks.js?body=1" for 127.0.0.1 at 2014-07-17 15:27:28 -0700


Started GET "/assets/application.js?body=1" for 127.0.0.1 at 2014-07-17 15:27:28 -0700


Started GET "/assets/urls.js?body=1" for 127.0.0.1 at 2014-07-17 15:27:28 -0700


Started GET "/assets/jquery.js?body=1" for 127.0.0.1 at 2014-07-17 15:27:28 -0700


Started GET "/" for 127.0.0.1 at 2014-07-17 15:27:30 -0700
Processing by UrlsController#index as HTML
  [1m[35mUrl Load (0.4ms)[0m  SELECT "urls".* FROM "urls"
  Rendered urls/index.html.erb within layouts/application (1.8ms)
Completed 200 OK in 6ms (Views: 4.8ms | ActiveRecord: 0.4ms)


Started GET "/assets/urls.js?body=1" for 127.0.0.1 at 2014-07-17 15:27:30 -0700


Started GET "/assets/turbolinks.js?body=1" for 127.0.0.1 at 2014-07-17 15:27:30 -0700


Started GET "/assets/jquery.js?body=1" for 127.0.0.1 at 2014-07-17 15:27:30 -0700


Started GET "/assets/application.css?body=1" for 127.0.0.1 at 2014-07-17 15:27:30 -0700


Started GET "/assets/urls.css?body=1" for 127.0.0.1 at 2014-07-17 15:27:30 -0700


Started GET "/assets/jquery_ujs.js?body=1" for 127.0.0.1 at 2014-07-17 15:27:30 -0700


Started GET "/assets/application.js?body=1" for 127.0.0.1 at 2014-07-17 15:27:30 -0700


Started GET "/" for 127.0.0.1 at 2014-07-17 15:28:04 -0700
Processing by UrlsController#index as HTML
  [1m[36mUrl Load (0.4ms)[0m  [1mSELECT "urls".* FROM "urls"[0m
  Rendered urls/index.html.erb within layouts/application (1.6ms)
Completed 200 OK in 6ms (Views: 4.9ms | ActiveRecord: 0.4ms)


Started GET "/assets/urls.css?body=1" for 127.0.0.1 at 2014-07-17 15:28:04 -0700


Started GET "/assets/jquery.js?body=1" for 127.0.0.1 at 2014-07-17 15:28:04 -0700


Started GET "/assets/jquery_ujs.js?body=1" for 127.0.0.1 at 2014-07-17 15:28:04 -0700


Started GET "/assets/turbolinks.js?body=1" for 127.0.0.1 at 2014-07-17 15:28:04 -0700


Started GET "/assets/urls.js?body=1" for 127.0.0.1 at 2014-07-17 15:28:04 -0700


Started GET "/assets/application.js?body=1" for 127.0.0.1 at 2014-07-17 15:28:04 -0700


Started GET "/assets/application.css?body=1" for 127.0.0.1 at 2014-07-17 15:28:04 -0700


Started GET "/" for 127.0.0.1 at 2014-07-17 15:28:26 -0700
Processing by UrlsController#index as HTML
  [1m[35mUrl Load (0.4ms)[0m  SELECT "urls".* FROM "urls"
  Rendered urls/index.html.erb within layouts/application (55623.6ms)
Completed 200 OK in 55629ms (Views: 55628.6ms | ActiveRecord: 0.4ms)


Started GET "/assets/urls.css?body=1" for 127.0.0.1 at 2014-07-17 15:29:22 -0700


Started GET "/assets/jquery.js?body=1" for 127.0.0.1 at 2014-07-17 15:29:22 -0700


Started GET "/assets/application.css?body=1" for 127.0.0.1 at 2014-07-17 15:29:22 -0700


Started GET "/assets/jquery_ujs.js?body=1" for 127.0.0.1 at 2014-07-17 15:29:22 -0700


Started GET "/assets/turbolinks.js?body=1" for 127.0.0.1 at 2014-07-17 15:29:22 -0700


Started GET "/assets/urls.js?body=1" for 127.0.0.1 at 2014-07-17 15:29:22 -0700


Started GET "/assets/application.js?body=1" for 127.0.0.1 at 2014-07-17 15:29:22 -0700


Started GET "/" for 127.0.0.1 at 2014-07-17 15:29:23 -0700
Processing by UrlsController#index as HTML
  [1m[36mUrl Load (0.4ms)[0m  [1mSELECT "urls".* FROM "urls"[0m
  Rendered urls/index.html.erb within layouts/application (1.7ms)
Completed 200 OK in 6ms (Views: 5.1ms | ActiveRecord: 0.4ms)


Started GET "/assets/urls.css?body=1" for 127.0.0.1 at 2014-07-17 15:29:23 -0700


Started GET "/assets/application.css?body=1" for 127.0.0.1 at 2014-07-17 15:29:23 -0700


Started GET "/assets/turbolinks.js?body=1" for 127.0.0.1 at 2014-07-17 15:29:23 -0700


Started GET "/assets/jquery_ujs.js?body=1" for 127.0.0.1 at 2014-07-17 15:29:23 -0700


Started GET "/assets/jquery.js?body=1" for 127.0.0.1 at 2014-07-17 15:29:23 -0700


Started GET "/assets/urls.js?body=1" for 127.0.0.1 at 2014-07-17 15:29:23 -0700


Started GET "/assets/application.js?body=1" for 127.0.0.1 at 2014-07-17 15:29:23 -0700


Started GET "/" for 127.0.0.1 at 2014-07-17 15:33:26 -0700
Processing by UrlsController#index as HTML
  [1m[35mUrl Load (0.4ms)[0m  SELECT "urls".* FROM "urls"
  Rendered urls/index.html.erb within layouts/application (1.7ms)
Completed 200 OK in 6ms (Views: 5.3ms | ActiveRecord: 0.4ms)


Started GET "/assets/application.css?body=1" for 127.0.0.1 at 2014-07-17 15:33:26 -0700


Started GET "/assets/jquery.js?body=1" for 127.0.0.1 at 2014-07-17 15:33:26 -0700


Started GET "/assets/jquery_ujs.js?body=1" for 127.0.0.1 at 2014-07-17 15:33:26 -0700


Started GET "/assets/turbolinks.js?body=1" for 127.0.0.1 at 2014-07-17 15:33:26 -0700


Started GET "/assets/urls.css?body=1" for 127.0.0.1 at 2014-07-17 15:33:26 -0700


Started GET "/assets/urls.js?body=1" for 127.0.0.1 at 2014-07-17 15:33:26 -0700


Started GET "/assets/application.js?body=1" for 127.0.0.1 at 2014-07-17 15:33:26 -0700


Started GET "/" for 127.0.0.1 at 2014-07-17 15:33:37 -0700
Processing by UrlsController#index as HTML
  [1m[36mUrl Load (0.4ms)[0m  [1mSELECT "urls".* FROM "urls"[0m
  Rendered urls/index.html.erb within layouts/application (1.8ms)
Completed 200 OK in 6ms (Views: 5.0ms | ActiveRecord: 0.4ms)


Started GET "/assets/application.css?body=1" for 127.0.0.1 at 2014-07-17 15:33:37 -0700


Started GET "/assets/urls.css?body=1" for 127.0.0.1 at 2014-07-17 15:33:37 -0700


Started GET "/assets/jquery.js?body=1" for 127.0.0.1 at 2014-07-17 15:33:37 -0700


Started GET "/assets/jquery_ujs.js?body=1" for 127.0.0.1 at 2014-07-17 15:33:37 -0700


Started GET "/assets/turbolinks.js?body=1" for 127.0.0.1 at 2014-07-17 15:33:37 -0700


Started GET "/assets/urls.js?body=1" for 127.0.0.1 at 2014-07-17 15:33:37 -0700


Started GET "/assets/application.js?body=1" for 127.0.0.1 at 2014-07-17 15:33:37 -0700


Started GET "/" for 127.0.0.1 at 2014-07-17 15:33:41 -0700
Processing by UrlsController#index as HTML
  [1m[35mUrl Load (0.5ms)[0m  SELECT "urls".* FROM "urls"
  Rendered urls/index.html.erb within layouts/application (1.5ms)
Completed 200 OK in 7ms (Views: 6.1ms | ActiveRecord: 0.5ms)


Started GET "/assets/urls.css?body=1" for 127.0.0.1 at 2014-07-17 15:33:41 -0700


Started GET "/assets/application.css?body=1" for 127.0.0.1 at 2014-07-17 15:33:41 -0700


Started GET "/assets/jquery.js?body=1" for 127.0.0.1 at 2014-07-17 15:33:41 -0700


Started GET "/assets/application.js?body=1" for 127.0.0.1 at 2014-07-17 15:33:41 -0700


Started GET "/assets/jquery_ujs.js?body=1" for 127.0.0.1 at 2014-07-17 15:33:41 -0700


Started GET "/assets/urls.js?body=1" for 127.0.0.1 at 2014-07-17 15:33:41 -0700


Started GET "/assets/turbolinks.js?body=1" for 127.0.0.1 at 2014-07-17 15:33:41 -0700


Started GET "/urls/new" for 127.0.0.1 at 2014-07-17 15:41:32 -0700
Processing by UrlsController#new as HTML
  Rendered urls/new.html.erb within layouts/application (0.4ms)
Completed 200 OK in 10ms (Views: 4.7ms | ActiveRecord: 2.6ms)


Started GET "/assets/urls.css?body=1" for 127.0.0.1 at 2014-07-17 15:41:32 -0700


Started GET "/assets/application.css?body=1" for 127.0.0.1 at 2014-07-17 15:41:32 -0700


Started GET "/assets/jquery.js?body=1" for 127.0.0.1 at 2014-07-17 15:41:32 -0700


Started GET "/assets/turbolinks.js?body=1" for 127.0.0.1 at 2014-07-17 15:41:32 -0700


Started GET "/assets/jquery_ujs.js?body=1" for 127.0.0.1 at 2014-07-17 15:41:32 -0700


Started GET "/assets/urls.js?body=1" for 127.0.0.1 at 2014-07-17 15:41:32 -0700


Started GET "/assets/application.js?body=1" for 127.0.0.1 at 2014-07-17 15:41:32 -0700


Started GET "/urls/new" for 127.0.0.1 at 2014-07-17 15:49:25 -0700
Processing by UrlsController#new as HTML
  Rendered urls/new.html.erb within layouts/application (0.7ms)
Completed 500 Internal Server Error in 3ms

SyntaxError (/Users/anthonysallows/Documents/General Assembly/Mini Projects/ritly/ritly_app/ritly/app/views/urls/new.html.erb:8: syntax error, unexpected keyword_ensure, expecting keyword_end
/Users/anthonysallows/Documents/General Assembly/Mini Projects/ritly/ritly_app/ritly/app/views/urls/new.html.erb:10: syntax error, unexpected end-of-input, expecting keyword_end):
  app/views/urls/new.html.erb:8: syntax error, unexpected keyword_ensure, expecting keyword_end
  app/views/urls/new.html.erb:10: syntax error, unexpected end-of-input, expecting keyword_end


  Rendered /Users/anthonysallows/.rvm/gems/ruby-2.1.2/gems/actionpack-4.1.4/lib/action_dispatch/middleware/templates/rescues/_source.erb (0.7ms)
  Rendered /Users/anthonysallows/.rvm/gems/ruby-2.1.2/gems/actionpack-4.1.4/lib/action_dispatch/middleware/templates/rescues/_trace.html.erb (1.4ms)
  Rendered /Users/anthonysallows/.rvm/gems/ruby-2.1.2/gems/actionpack-4.1.4/lib/action_dispatch/middleware/templates/rescues/_request_and_response.html.erb (1.1ms)
  Rendered /Users/anthonysallows/.rvm/gems/ruby-2.1.2/gems/actionpack-4.1.4/lib/action_dispatch/middleware/templates/rescues/diagnostics.erb within rescues/layout (19.7ms)


Started GET "/urls/new" for 127.0.0.1 at 2014-07-17 15:51:09 -0700
Processing by UrlsController#new as HTML
  Rendered urls/new.html.erb within layouts/application (14.4ms)
Completed 500 Internal Server Error in 17ms

ActionView::Template::Error (undefined method `urls_path' for #<#<Class:0x007fd0a3260d88>:0x007fd0a4df1138>):
    2: 
    3: <h3>Shorten a link!</h3>
    4: 
    5: <%= form_for @url do |f| %>
    6: <%= label_tag(:link, "Link") %>
    7: <%= f.text_field :link %>
    8: <% end %>
  app/views/urls/new.html.erb:5:in `_app_views_urls_new_html_erb___271895176705129991_70267047992840'


  Rendered /Users/anthonysallows/.rvm/gems/ruby-2.1.2/gems/actionpack-4.1.4/lib/action_dispatch/middleware/templates/rescues/_trace.html.erb (1.1ms)
  Rendered /Users/anthonysallows/.rvm/gems/ruby-2.1.2/gems/actionpack-4.1.4/lib/action_dispatch/middleware/templates/rescues/_request_and_response.html.erb (1.0ms)
  Rendered /Users/anthonysallows/.rvm/gems/ruby-2.1.2/gems/actionpack-4.1.4/lib/action_dispatch/middleware/templates/rescues/template_error.html.erb within rescues/layout (11.1ms)


Started GET "/urls/new" for 127.0.0.1 at 2014-07-17 15:53:29 -0700
Processing by UrlsController#new as HTML
  Rendered urls/new.html.erb within layouts/application (11.1ms)
Completed 500 Internal Server Error in 18ms

ActionView::Template::Error (undefined method `urls_path' for #<#<Class:0x007fd0a4ba6860>:0x007fd0a4ba5e38>):
    2: 
    3: <h3>Shorten a link!</h3>
    4: 
    5: <%= form_for @url do |f| %>
    6: <%= label_tag(:link, "Link") %>
    7: <%= f.text_field :link %>
    8: <% end %>
  app/views/urls/new.html.erb:5:in `_app_views_urls_new_html_erb___271895176705129991_70267047992840'


  Rendered /Users/anthonysallows/.rvm/gems/ruby-2.1.2/gems/actionpack-4.1.4/lib/action_dispatch/middleware/templates/rescues/_trace.html.erb (1.2ms)
  Rendered /Users/anthonysallows/.rvm/gems/ruby-2.1.2/gems/actionpack-4.1.4/lib/action_dispatch/middleware/templates/rescues/_request_and_response.html.erb (0.9ms)
  Rendered /Users/anthonysallows/.rvm/gems/ruby-2.1.2/gems/actionpack-4.1.4/lib/action_dispatch/middleware/templates/rescues/template_error.html.erb within rescues/layout (12.3ms)


Started GET "/urls/new" for 127.0.0.1 at 2014-07-17 15:57:19 -0700
Processing by UrlsController#new as HTML
  Rendered urls/new.html.erb within layouts/application (14.6ms)
Completed 200 OK in 27ms (Views: 19.7ms | ActiveRecord: 3.2ms)


Started GET "/assets/application.css?body=1" for 127.0.0.1 at 2014-07-17 15:57:20 -0700


Started GET "/assets/jquery.js?body=1" for 127.0.0.1 at 2014-07-17 15:57:20 -0700


Started GET "/assets/urls.css?body=1" for 127.0.0.1 at 2014-07-17 15:57:20 -0700


Started GET "/assets/turbolinks.js?body=1" for 127.0.0.1 at 2014-07-17 15:57:20 -0700


Started GET "/assets/urls.js?body=1" for 127.0.0.1 at 2014-07-17 15:57:20 -0700


Started GET "/assets/jquery_ujs.js?body=1" for 127.0.0.1 at 2014-07-17 15:57:20 -0700


Started GET "/assets/application.js?body=1" for 127.0.0.1 at 2014-07-17 15:57:20 -0700


Started POST "/urls" for 127.0.0.1 at 2014-07-17 15:57:43 -0700
Processing by UrlsController#create as HTML
  Parameters: {"utf8"=>"✓", "authenticity_token"=>"VK/57EuXnNWFB4j/Ba564tV0EUnjVsOMAdARBmM6icE=", "url"=>{"link"=>"www.apple.com"}}
  [1m[36m (0.5ms)[0m  [1mBEGIN[0m
  [1m[35mSQL (4.6ms)[0m  INSERT INTO "urls" ("created_at", "link", "random_string", "updated_at") VALUES ($1, $2, $3, $4) RETURNING "id"  [["created_at", "2014-07-17 22:57:43.621982"], ["link", "www.apple.com"], ["random_string", "v8SUnA"], ["updated_at", "2014-07-17 22:57:43.621982"]]
  [1m[36m (2.3ms)[0m  [1mCOMMIT[0m
Redirected to http://localhost:3000/urls/3
Completed 302 Found in 16ms (ActiveRecord: 7.6ms)


Started GET "/urls/3" for 127.0.0.1 at 2014-07-17 15:57:43 -0700

AbstractController::ActionNotFound (The action 'show' could not be found for UrlsController):
  actionpack (4.1.4) lib/abstract_controller/base.rb:131:in `process'
  actionview (4.1.4) lib/action_view/rendering.rb:30:in `process'
  actionpack (4.1.4) lib/action_controller/metal.rb:196:in `dispatch'
  actionpack (4.1.4) lib/action_controller/metal/rack_delegation.rb:13:in `dispatch'
  actionpack (4.1.4) lib/action_controller/metal.rb:232:in `block in action'
  actionpack (4.1.4) lib/action_dispatch/routing/route_set.rb:82:in `call'
  actionpack (4.1.4) lib/action_dispatch/routing/route_set.rb:82:in `dispatch'
  actionpack (4.1.4) lib/action_dispatch/routing/route_set.rb:50:in `call'
  actionpack (4.1.4) lib/action_dispatch/journey/router.rb:71:in `block in call'
  actionpack (4.1.4) lib/action_dispatch/journey/router.rb:59:in `each'
  actionpack (4.1.4) lib/action_dispatch/journey/router.rb:59:in `call'
  actionpack (4.1.4) lib/action_dispatch/routing/route_set.rb:678:in `call'
  rack (1.5.2) lib/rack/etag.rb:23:in `call'
  rack (1.5.2) lib/rack/conditionalget.rb:25:in `call'
  rack (1.5.2) lib/rack/head.rb:11:in `call'
  actionpack (4.1.4) lib/action_dispatch/middleware/params_parser.rb:27:in `call'
  actionpack (4.1.4) lib/action_dispatch/middleware/flash.rb:254:in `call'
  rack (1.5.2) lib/rack/session/abstract/id.rb:225:in `context'
  rack (1.5.2) lib/rack/session/abstract/id.rb:220:in `call'
  actionpack (4.1.4) lib/action_dispatch/middleware/cookies.rb:560:in `call'
  activerecord (4.1.4) lib/active_record/query_cache.rb:36:in `call'
  activerecord (4.1.4) lib/active_record/connection_adapters/abstract/connection_pool.rb:621:in `call'
  activerecord (4.1.4) lib/active_record/migration.rb:380:in `call'
  actionpack (4.1.4) lib/action_dispatch/middleware/callbacks.rb:29:in `block in call'
  activesupport (4.1.4) lib/active_support/callbacks.rb:82:in `run_callbacks'
  actionpack (4.1.4) lib/action_dispatch/middleware/callbacks.rb:27:in `call'
  actionpack (4.1.4) lib/action_dispatch/middleware/reloader.rb:73:in `call'
  actionpack (4.1.4) lib/action_dispatch/middleware/remote_ip.rb:76:in `call'
  actionpack (4.1.4) lib/action_dispatch/middleware/debug_exceptions.rb:17:in `call'
  actionpack (4.1.4) lib/action_dispatch/middleware/show_exceptions.rb:30:in `call'
  railties (4.1.4) lib/rails/rack/logger.rb:38:in `call_app'
  railties (4.1.4) lib/rails/rack/logger.rb:20:in `block in call'
  activesupport (4.1.4) lib/active_support/tagged_logging.rb:68:in `block in tagged'
  activesupport (4.1.4) lib/active_support/tagged_logging.rb:26:in `tagged'
  activesupport (4.1.4) lib/active_support/tagged_logging.rb:68:in `tagged'
  railties (4.1.4) lib/rails/rack/logger.rb:20:in `call'
  actionpack (4.1.4) lib/action_dispatch/middleware/request_id.rb:21:in `call'
  rack (1.5.2) lib/rack/methodoverride.rb:21:in `call'
  rack (1.5.2) lib/rack/runtime.rb:17:in `call'
  activesupport (4.1.4) lib/active_support/cache/strategy/local_cache_middleware.rb:26:in `call'
  rack (1.5.2) lib/rack/lock.rb:17:in `call'
  actionpack (4.1.4) lib/action_dispatch/middleware/static.rb:64:in `call'
  rack (1.5.2) lib/rack/sendfile.rb:112:in `call'
  railties (4.1.4) lib/rails/engine.rb:514:in `call'
  railties (4.1.4) lib/rails/application.rb:144:in `call'
  rack (1.5.2) lib/rack/lock.rb:17:in `call'
  rack (1.5.2) lib/rack/content_length.rb:14:in `call'
  rack (1.5.2) lib/rack/handler/webrick.rb:60:in `service'
  /Users/anthonysallows/.rvm/rubies/ruby-2.1.2/lib/ruby/2.1.0/webrick/httpserver.rb:138:in `service'
  /Users/anthonysallows/.rvm/rubies/ruby-2.1.2/lib/ruby/2.1.0/webrick/httpserver.rb:94:in `run'
  /Users/anthonysallows/.rvm/rubies/ruby-2.1.2/lib/ruby/2.1.0/webrick/server.rb:295:in `block in start_thread'


  Rendered /Users/anthonysallows/.rvm/gems/ruby-2.1.2/gems/actionpack-4.1.4/lib/action_dispatch/middleware/templates/rescues/unknown_action.html.erb within rescues/layout (0.6ms)


Started GET "/urls/3" for 127.0.0.1 at 2014-07-17 15:59:25 -0700
Processing by UrlsController#show as HTML
  Parameters: {"id"=>"3"}
  Rendered urls/show.html.erb within layouts/application (2.0ms)
Completed 500 Internal Server Error in 6ms

ActionView::Template::Error (undefined method `link' for nil:NilClass):
    1: <h1>Here's the short version!</h1>
    2: <%= puts @url.link %> <h3>is now</h3> <%= puts @url.random_string %>
  app/views/urls/show.html.erb:2:in `_app_views_urls_show_html_erb___3960306217115120449_70267026528160'


  Rendered /Users/anthonysallows/.rvm/gems/ruby-2.1.2/gems/actionpack-4.1.4/lib/action_dispatch/middleware/templates/rescues/_trace.html.erb (1.4ms)
  Rendered /Users/anthonysallows/.rvm/gems/ruby-2.1.2/gems/actionpack-4.1.4/lib/action_dispatch/middleware/templates/rescues/_request_and_response.html.erb (1.1ms)
  Rendered /Users/anthonysallows/.rvm/gems/ruby-2.1.2/gems/actionpack-4.1.4/lib/action_dispatch/middleware/templates/rescues/template_error.html.erb within rescues/layout (13.6ms)


Started GET "/urls/3" for 127.0.0.1 at 2014-07-17 15:59:42 -0700
Processing by UrlsController#show as HTML
  Parameters: {"id"=>"3"}
  [1m[35mUrl Load (1.4ms)[0m  SELECT "urls".* FROM "urls"
  Rendered urls/show.html.erb within layouts/application (127765.5ms)
Completed 500 Internal Server Error in 127768ms

ActionView::Template::Error (undefined method `link' for nil:NilClass):
    1: <h1>Here's the short version!</h1>
    2: <%= puts @url.link %> <h3>is now</h3> <%= puts @url.random_string %>
  app/views/urls/show.html.erb:3:in `_app_views_urls_show_html_erb___3960306217115120449_70267025028320'


  Rendered /Users/anthonysallows/.rvm/gems/ruby-2.1.2/gems/actionpack-4.1.4/lib/action_dispatch/middleware/templates/rescues/_trace.html.erb (1.1ms)
  Rendered /Users/anthonysallows/.rvm/gems/ruby-2.1.2/gems/actionpack-4.1.4/lib/action_dispatch/middleware/templates/rescues/_request_and_response.html.erb (1.0ms)
  Rendered /Users/anthonysallows/.rvm/gems/ruby-2.1.2/gems/actionpack-4.1.4/lib/action_dispatch/middleware/templates/rescues/template_error.html.erb within rescues/layout (10.5ms)


Started GET "/urls/3" for 127.0.0.1 at 2014-07-17 16:01:52 -0700
Processing by UrlsController#show as HTML
  Parameters: {"id"=>"3"}
  Rendered urls/show.html.erb within layouts/application (1.8ms)
Completed 500 Internal Server Error in 4ms

ActionView::Template::Error (undefined method `link' for nil:NilClass):
    1: <h1>Here's the short version!</h1>
    2: <%= puts @url.link %> <h3>is now</h3> <%= puts @url.random_string %>
  app/views/urls/show.html.erb:2:in `_app_views_urls_show_html_erb___3960306217115120449_70267048561500'


  Rendered /Users/anthonysallows/.rvm/gems/ruby-2.1.2/gems/actionpack-4.1.4/lib/action_dispatch/middleware/templates/rescues/_trace.html.erb (1.3ms)
  Rendered /Users/anthonysallows/.rvm/gems/ruby-2.1.2/gems/actionpack-4.1.4/lib/action_dispatch/middleware/templates/rescues/_request_and_response.html.erb (1.0ms)
  Rendered /Users/anthonysallows/.rvm/gems/ruby-2.1.2/gems/actionpack-4.1.4/lib/action_dispatch/middleware/templates/rescues/template_error.html.erb within rescues/layout (11.3ms)


Started GET "/urls/3" for 127.0.0.1 at 2014-07-17 16:02:07 -0700
Processing by UrlsController#show as HTML
  Parameters: {"id"=>"3"}
  Rendered urls/show.html.erb within layouts/application (1.1ms)
Completed 500 Internal Server Error in 4ms

ActionView::Template::Error (undefined method `link' for nil:NilClass):
    1: <h1>Here's the short version!</h1>
    2: <%= puts @url.link %> <h3>is now</h3> <%= puts @url.random_string %>
    3: <% binding.pry %>
  app/views/urls/show.html.erb:2:in `_app_views_urls_show_html_erb___3960306217115120449_70267047839540'


  Rendered /Users/anthonysallows/.rvm/gems/ruby-2.1.2/gems/actionpack-4.1.4/lib/action_dispatch/middleware/templates/rescues/_trace.html.erb (1.3ms)
  Rendered /Users/anthonysallows/.rvm/gems/ruby-2.1.2/gems/actionpack-4.1.4/lib/action_dispatch/middleware/templates/rescues/_request_and_response.html.erb (1.0ms)
  Rendered /Users/anthonysallows/.rvm/gems/ruby-2.1.2/gems/actionpack-4.1.4/lib/action_dispatch/middleware/templates/rescues/template_error.html.erb within rescues/layout (10.5ms)


Started GET "/urls/3" for 127.0.0.1 at 2014-07-17 16:02:21 -0700
Processing by UrlsController#show as HTML
  Parameters: {"id"=>"3"}
  [1m[36mUrl Load (0.4ms)[0m  [1mSELECT "urls".* FROM "urls"[0m
  [1m[35mCACHE (0.0ms)[0m  SELECT "urls".* FROM "urls"
  [1m[36mCACHE (0.0ms)[0m  [1mSELECT "urls".* FROM "urls"[0m
  Rendered urls/show.html.erb within layouts/application (633234.2ms)
Completed 500 Internal Server Error in 633237ms

ActionView::Template::Error (undefined method `link' for nil:NilClass):
    1: <h1>Here's the short version!</h1>
    2: <% binding.pry %>
    3: <%= puts @url.link %> <h3>is now</h3> <%= puts @url.random_string %>
  app/views/urls/show.html.erb:3:in `_app_views_urls_show_html_erb___3960306217115120449_70267047233900'


  Rendered /Users/anthonysallows/.rvm/gems/ruby-2.1.2/gems/actionpack-4.1.4/lib/action_dispatch/middleware/templates/rescues/_trace.html.erb (1.1ms)
  Rendered /Users/anthonysallows/.rvm/gems/ruby-2.1.2/gems/actionpack-4.1.4/lib/action_dispatch/middleware/templates/rescues/_request_and_response.html.erb (1.0ms)
  Rendered /Users/anthonysallows/.rvm/gems/ruby-2.1.2/gems/actionpack-4.1.4/lib/action_dispatch/middleware/templates/rescues/template_error.html.erb within rescues/layout (10.6ms)


Started GET "/urls/3" for 127.0.0.1 at 2014-07-17 16:55:25 -0700
  [1m[36mActiveRecord::SchemaMigration Load (1.5ms)[0m  [1mSELECT "schema_migrations".* FROM "schema_migrations"[0m
Processing by UrlsController#show as HTML
  Parameters: {"id"=>"3"}
  [1m[35mUrl Load (1.5ms)[0m  SELECT "urls".* FROM "urls"
  [1m[36mCACHE (0.0ms)[0m  [1mSELECT "urls".* FROM "urls"[0m
  Rendered urls/show.html.erb within layouts/application (211325.0ms)
Completed 500 Internal Server Error in 211353ms

ActionView::Template::Error (undefined method `link' for nil:NilClass):
    1: <h1>Here's the short version!</h1>
    2: <% binding.pry %>
    3: <%= puts @url.link %> <h3>is now</h3> <%= puts @url.random_string %>
    4: TODO get the "link" and "random_string" to show on this view
  app/views/urls/show.html.erb:3:in `_app_views_urls_show_html_erb__988442757819576516_70248323042180'


  Rendered /Users/anthonysallows/.rvm/gems/ruby-2.1.2/gems/actionpack-4.1.4/lib/action_dispatch/middleware/templates/rescues/_trace.html.erb (1.9ms)
  Rendered /Users/anthonysallows/.rvm/gems/ruby-2.1.2/gems/actionpack-4.1.4/lib/action_dispatch/middleware/templates/rescues/_request_and_response.html.erb (1.4ms)
  Rendered /Users/anthonysallows/.rvm/gems/ruby-2.1.2/gems/actionpack-4.1.4/lib/action_dispatch/middleware/templates/rescues/template_error.html.erb within rescues/layout (21.7ms)


Started GET "/urls/3" for 127.0.0.1 at 2014-07-17 17:01:16 -0700
Processing by UrlsController#show as HTML
  Parameters: {"id"=>"3"}
  [1m[35mUrl Load (0.4ms)[0m  SELECT  "urls".* FROM "urls"  WHERE "urls"."id" = $1 LIMIT 1  [["id", 3]]
  Rendered urls/show.html.erb within layouts/application (0.6ms)
Completed 200 OK in 65ms (Views: 53.3ms | ActiveRecord: 3.3ms)


Started GET "/assets/jquery.js?body=1" for 127.0.0.1 at 2014-07-17 17:01:16 -0700


Started GET "/assets/urls.css?body=1" for 127.0.0.1 at 2014-07-17 17:01:16 -0700


Started GET "/assets/turbolinks.js?body=1" for 127.0.0.1 at 2014-07-17 17:01:16 -0700


Started GET "/assets/application.css?body=1" for 127.0.0.1 at 2014-07-17 17:01:16 -0700


Started GET "/assets/application.js?body=1" for 127.0.0.1 at 2014-07-17 17:01:16 -0700


Started GET "/assets/urls.js?body=1" for 127.0.0.1 at 2014-07-17 17:01:16 -0700


Started GET "/assets/jquery_ujs.js?body=1" for 127.0.0.1 at 2014-07-17 17:01:16 -0700


Started GET "/urls/3" for 127.0.0.1 at 2014-07-17 17:01:44 -0700
Processing by UrlsController#show as HTML
  Parameters: {"id"=>"3"}
  [1m[36mUrl Load (0.3ms)[0m  [1mSELECT  "urls".* FROM "urls"  WHERE "urls"."id" = $1 LIMIT 1[0m  [["id", 3]]
  Rendered urls/show.html.erb within layouts/application (57642.0ms)
Completed 200 OK in 57649ms (Views: 57647.1ms | ActiveRecord: 0.3ms)


Started GET "/assets/urls.css?body=1" for 127.0.0.1 at 2014-07-17 17:02:41 -0700


Started GET "/assets/application.css?body=1" for 127.0.0.1 at 2014-07-17 17:02:41 -0700


Started GET "/assets/turbolinks.js?body=1" for 127.0.0.1 at 2014-07-17 17:02:41 -0700


Started GET "/assets/urls.js?body=1" for 127.0.0.1 at 2014-07-17 17:02:41 -0700


Started GET "/assets/application.js?body=1" for 127.0.0.1 at 2014-07-17 17:02:41 -0700


Started GET "/assets/jquery_ujs.js?body=1" for 127.0.0.1 at 2014-07-17 17:02:41 -0700


Started GET "/assets/jquery.js?body=1" for 127.0.0.1 at 2014-07-17 17:02:41 -0700


Started GET "/urls/3" for 127.0.0.1 at 2014-07-17 17:02:43 -0700
Processing by UrlsController#show as HTML
  Parameters: {"id"=>"3"}
  [1m[35mUrl Load (0.5ms)[0m  SELECT  "urls".* FROM "urls"  WHERE "urls"."id" = $1 LIMIT 1  [["id", 3]]
  Rendered urls/show.html.erb within layouts/application (2588.5ms)
Completed 200 OK in 2595ms (Views: 2593.7ms | ActiveRecord: 0.5ms)


Started GET "/assets/urls.css?body=1" for 127.0.0.1 at 2014-07-17 17:02:45 -0700


Started GET "/assets/application.css?body=1" for 127.0.0.1 at 2014-07-17 17:02:45 -0700


Started GET "/assets/turbolinks.js?body=1" for 127.0.0.1 at 2014-07-17 17:02:45 -0700


Started GET "/assets/jquery_ujs.js?body=1" for 127.0.0.1 at 2014-07-17 17:02:45 -0700


Started GET "/assets/urls.js?body=1" for 127.0.0.1 at 2014-07-17 17:02:45 -0700


Started GET "/assets/jquery.js?body=1" for 127.0.0.1 at 2014-07-17 17:02:45 -0700


Started GET "/assets/application.js?body=1" for 127.0.0.1 at 2014-07-17 17:02:45 -0700


Started GET "/urls/3" for 127.0.0.1 at 2014-07-17 17:02:57 -0700
Processing by UrlsController#show as HTML
  Parameters: {"id"=>"3"}
  [1m[36mUrl Load (0.4ms)[0m  [1mSELECT  "urls".* FROM "urls"  WHERE "urls"."id" = $1 LIMIT 1[0m  [["id", 3]]
  Rendered urls/show.html.erb within layouts/application (0.5ms)
Completed 200 OK in 6ms (Views: 4.3ms | ActiveRecord: 0.4ms)


Started GET "/assets/urls.css?body=1" for 127.0.0.1 at 2014-07-17 17:02:57 -0700


Started GET "/assets/jquery_ujs.js?body=1" for 127.0.0.1 at 2014-07-17 17:02:57 -0700


Started GET "/assets/application.css?body=1" for 127.0.0.1 at 2014-07-17 17:02:57 -0700


Started GET "/assets/jquery.js?body=1" for 127.0.0.1 at 2014-07-17 17:02:57 -0700


Started GET "/assets/turbolinks.js?body=1" for 127.0.0.1 at 2014-07-17 17:02:57 -0700


Started GET "/assets/urls.js?body=1" for 127.0.0.1 at 2014-07-17 17:02:57 -0700


Started GET "/assets/application.js?body=1" for 127.0.0.1 at 2014-07-17 17:02:57 -0700


Started GET "/urls/3" for 127.0.0.1 at 2014-07-17 17:03:31 -0700
Processing by UrlsController#show as HTML
  Parameters: {"id"=>"3"}
  [1m[35mUrl Load (0.4ms)[0m  SELECT  "urls".* FROM "urls"  WHERE "urls"."id" = $1 LIMIT 1  [["id", 3]]
  Rendered urls/show.html.erb within layouts/application (0.6ms)
Completed 200 OK in 6ms (Views: 4.7ms | ActiveRecord: 0.4ms)


Started GET "/assets/urls.css?body=1" for 127.0.0.1 at 2014-07-17 17:03:31 -0700


Started GET "/assets/jquery.js?body=1" for 127.0.0.1 at 2014-07-17 17:03:31 -0700


Started GET "/assets/jquery_ujs.js?body=1" for 127.0.0.1 at 2014-07-17 17:03:31 -0700


Started GET "/assets/application.css?body=1" for 127.0.0.1 at 2014-07-17 17:03:31 -0700


Started GET "/assets/application.js?body=1" for 127.0.0.1 at 2014-07-17 17:03:31 -0700


Started GET "/assets/urls.js?body=1" for 127.0.0.1 at 2014-07-17 17:03:31 -0700


Started GET "/assets/turbolinks.js?body=1" for 127.0.0.1 at 2014-07-17 17:03:31 -0700


Started GET "/urls/3" for 127.0.0.1 at 2014-07-17 17:03:52 -0700
Processing by UrlsController#show as HTML
  Parameters: {"id"=>"3"}
  [1m[36mUrl Load (0.5ms)[0m  [1mSELECT  "urls".* FROM "urls"  WHERE "urls"."id" = $1 LIMIT 1[0m  [["id", 3]]
  Rendered urls/show.html.erb within layouts/application (1.0ms)
Completed 200 OK in 8ms (Views: 6.6ms | ActiveRecord: 0.5ms)


Started GET "/assets/urls.css?body=1" for 127.0.0.1 at 2014-07-17 17:03:52 -0700


Started GET "/assets/turbolinks.js?body=1" for 127.0.0.1 at 2014-07-17 17:03:52 -0700


Started GET "/assets/urls.js?body=1" for 127.0.0.1 at 2014-07-17 17:03:52 -0700


Started GET "/assets/jquery_ujs.js?body=1" for 127.0.0.1 at 2014-07-17 17:03:52 -0700


Started GET "/assets/application.css?body=1" for 127.0.0.1 at 2014-07-17 17:03:52 -0700


Started GET "/assets/jquery.js?body=1" for 127.0.0.1 at 2014-07-17 17:03:52 -0700


Started GET "/assets/application.js?body=1" for 127.0.0.1 at 2014-07-17 17:03:52 -0700


Started GET "/urls/3" for 127.0.0.1 at 2014-07-17 17:04:05 -0700
Processing by UrlsController#show as HTML
  Parameters: {"id"=>"3"}
  [1m[35mUrl Load (0.3ms)[0m  SELECT  "urls".* FROM "urls"  WHERE "urls"."id" = $1 LIMIT 1  [["id", 3]]
  Rendered urls/show.html.erb within layouts/application (0.5ms)
Completed 200 OK in 6ms (Views: 4.5ms | ActiveRecord: 0.3ms)


Started GET "/assets/urls.css?body=1" for 127.0.0.1 at 2014-07-17 17:04:05 -0700


Started GET "/assets/application.css?body=1" for 127.0.0.1 at 2014-07-17 17:04:05 -0700


Started GET "/assets/urls.js?body=1" for 127.0.0.1 at 2014-07-17 17:04:05 -0700


Started GET "/assets/jquery.js?body=1" for 127.0.0.1 at 2014-07-17 17:04:05 -0700


Started GET "/assets/jquery_ujs.js?body=1" for 127.0.0.1 at 2014-07-17 17:04:05 -0700


Started GET "/assets/turbolinks.js?body=1" for 127.0.0.1 at 2014-07-17 17:04:05 -0700


Started GET "/assets/application.js?body=1" for 127.0.0.1 at 2014-07-17 17:04:05 -0700


Started GET "/go" for 127.0.0.1 at 2014-07-17 17:12:43 -0700

ActionController::RoutingError (No route matches [GET] "/go"):
  actionpack (4.1.4) lib/action_dispatch/middleware/debug_exceptions.rb:21:in `call'
  actionpack (4.1.4) lib/action_dispatch/middleware/show_exceptions.rb:30:in `call'
  railties (4.1.4) lib/rails/rack/logger.rb:38:in `call_app'
  railties (4.1.4) lib/rails/rack/logger.rb:20:in `block in call'
  activesupport (4.1.4) lib/active_support/tagged_logging.rb:68:in `block in tagged'
  activesupport (4.1.4) lib/active_support/tagged_logging.rb:26:in `tagged'
  activesupport (4.1.4) lib/active_support/tagged_logging.rb:68:in `tagged'
  railties (4.1.4) lib/rails/rack/logger.rb:20:in `call'
  actionpack (4.1.4) lib/action_dispatch/middleware/request_id.rb:21:in `call'
  rack (1.5.2) lib/rack/methodoverride.rb:21:in `call'
  rack (1.5.2) lib/rack/runtime.rb:17:in `call'
  activesupport (4.1.4) lib/active_support/cache/strategy/local_cache_middleware.rb:26:in `call'
  rack (1.5.2) lib/rack/lock.rb:17:in `call'
  actionpack (4.1.4) lib/action_dispatch/middleware/static.rb:64:in `call'
  rack (1.5.2) lib/rack/sendfile.rb:112:in `call'
  railties (4.1.4) lib/rails/engine.rb:514:in `call'
  railties (4.1.4) lib/rails/application.rb:144:in `call'
  rack (1.5.2) lib/rack/lock.rb:17:in `call'
  rack (1.5.2) lib/rack/content_length.rb:14:in `call'
  rack (1.5.2) lib/rack/handler/webrick.rb:60:in `service'
  /Users/anthonysallows/.rvm/rubies/ruby-2.1.2/lib/ruby/2.1.0/webrick/httpserver.rb:138:in `service'
  /Users/anthonysallows/.rvm/rubies/ruby-2.1.2/lib/ruby/2.1.0/webrick/httpserver.rb:94:in `run'
  /Users/anthonysallows/.rvm/rubies/ruby-2.1.2/lib/ruby/2.1.0/webrick/server.rb:295:in `block in start_thread'


  Rendered /Users/anthonysallows/.rvm/gems/ruby-2.1.2/gems/actionpack-4.1.4/lib/action_dispatch/middleware/templates/rescues/_trace.html.erb (1.4ms)
  Rendered /Users/anthonysallows/.rvm/gems/ruby-2.1.2/gems/actionpack-4.1.4/lib/action_dispatch/middleware/templates/routes/_route.html.erb (2.2ms)
  Rendered /Users/anthonysallows/.rvm/gems/ruby-2.1.2/gems/actionpack-4.1.4/lib/action_dispatch/middleware/templates/routes/_table.html.erb (11.6ms)
  Rendered /Users/anthonysallows/.rvm/gems/ruby-2.1.2/gems/actionpack-4.1.4/lib/action_dispatch/middleware/templates/rescues/routing_error.html.erb within rescues/layout (45.2ms)


Started GET "/urls/3" for 127.0.0.1 at 2014-07-17 17:13:13 -0700
Processing by UrlsController#show as HTML
  Parameters: {"id"=>"3"}
  [1m[36mUrl Load (0.2ms)[0m  [1mSELECT  "urls".* FROM "urls"  WHERE "urls"."id" = $1 LIMIT 1[0m  [["id", 3]]
  Rendered urls/show.html.erb within layouts/application (0.3ms)
Completed 200 OK in 18ms (Views: 8.1ms | ActiveRecord: 3.4ms)


Started GET "/assets/application.css?body=1" for 127.0.0.1 at 2014-07-17 17:13:13 -0700


Started GET "/assets/jquery.js?body=1" for 127.0.0.1 at 2014-07-17 17:13:13 -0700


Started GET "/assets/jquery_ujs.js?body=1" for 127.0.0.1 at 2014-07-17 17:13:13 -0700


Started GET "/assets/turbolinks.js?body=1" for 127.0.0.1 at 2014-07-17 17:13:13 -0700


Started GET "/assets/urls.css?body=1" for 127.0.0.1 at 2014-07-17 17:13:13 -0700


Started GET "/assets/urls.js?body=1" for 127.0.0.1 at 2014-07-17 17:13:13 -0700


Started GET "/assets/application.js?body=1" for 127.0.0.1 at 2014-07-17 17:13:13 -0700


Started GET "/urls/3" for 127.0.0.1 at 2014-07-17 17:16:21 -0700
Processing by UrlsController#show as HTML
  Parameters: {"id"=>"3"}
  [1m[35mUrl Load (0.3ms)[0m  SELECT  "urls".* FROM "urls"  WHERE "urls"."id" = $1 LIMIT 1  [["id", 3]]
  Rendered urls/show.html.erb within layouts/application (34.0ms)
Completed 200 OK in 41ms (Views: 39.5ms | ActiveRecord: 0.3ms)


Started GET "/assets/application.css?body=1" for 127.0.0.1 at 2014-07-17 17:16:21 -0700


Started GET "/assets/jquery.js?body=1" for 127.0.0.1 at 2014-07-17 17:16:21 -0700


Started GET "/assets/jquery_ujs.js?body=1" for 127.0.0.1 at 2014-07-17 17:16:21 -0700


Started GET "/assets/urls.css?body=1" for 127.0.0.1 at 2014-07-17 17:16:21 -0700


Started GET "/assets/turbolinks.js?body=1" for 127.0.0.1 at 2014-07-17 17:16:21 -0700


Started GET "/assets/urls.js?body=1" for 127.0.0.1 at 2014-07-17 17:16:21 -0700


Started GET "/assets/application.js?body=1" for 127.0.0.1 at 2014-07-17 17:16:21 -0700


Started GET "/urls" for 127.0.0.1 at 2014-07-17 17:16:48 -0700
Processing by UrlsController#index as HTML
  [1m[36mUrl Load (0.4ms)[0m  [1mSELECT "urls".* FROM "urls"[0m
  Rendered urls/index.html.erb within layouts/application (2.2ms)
Completed 200 OK in 10ms (Views: 9.2ms | ActiveRecord: 0.4ms)


Started GET "/urls" for 127.0.0.1 at 2014-07-17 17:16:53 -0700
Processing by UrlsController#index as HTML
  [1m[35mUrl Load (3.6ms)[0m  SELECT "urls".* FROM "urls"
  Rendered urls/index.html.erb within layouts/application (5.6ms)
Completed 200 OK in 13ms (Views: 8.7ms | ActiveRecord: 3.6ms)


Started GET "/urls/new" for 127.0.0.1 at 2014-07-17 17:17:09 -0700
Processing by UrlsController#new as HTML
  Rendered urls/new.html.erb within layouts/application (7.6ms)
Completed 200 OK in 17ms (Views: 15.8ms | ActiveRecord: 0.0ms)


Started GET "/urls/3" for 127.0.0.1 at 2014-07-17 17:20:05 -0700
Processing by UrlsController#show as HTML
  Parameters: {"id"=>"3"}
  [1m[36mUrl Load (0.3ms)[0m  [1mSELECT  "urls".* FROM "urls"  WHERE "urls"."id" = $1 LIMIT 1[0m  [["id", 3]]
  Rendered urls/show.html.erb within layouts/application (2.0ms)
Completed 200 OK in 11ms (Views: 8.7ms | ActiveRecord: 0.3ms)


Started GET "/assets/jquery.js?body=1" for 127.0.0.1 at 2014-07-17 17:20:06 -0700


Started GET "/assets/urls.css?body=1" for 127.0.0.1 at 2014-07-17 17:20:06 -0700


Started GET "/assets/jquery_ujs.js?body=1" for 127.0.0.1 at 2014-07-17 17:20:06 -0700


Started GET "/assets/application.css?body=1" for 127.0.0.1 at 2014-07-17 17:20:06 -0700


Started GET "/assets/application.js?body=1" for 127.0.0.1 at 2014-07-17 17:20:06 -0700


Started GET "/assets/turbolinks.js?body=1" for 127.0.0.1 at 2014-07-17 17:20:06 -0700


Started GET "/assets/urls.js?body=1" for 127.0.0.1 at 2014-07-17 17:20:06 -0700


Started GET "/urls/3" for 127.0.0.1 at 2014-07-17 17:20:19 -0700
Processing by UrlsController#show as HTML
  Parameters: {"id"=>"3"}
  [1m[35mUrl Load (0.4ms)[0m  SELECT  "urls".* FROM "urls"  WHERE "urls"."id" = $1 LIMIT 1  [["id", 3]]
  Rendered urls/show.html.erb within layouts/application (1.4ms)
Completed 200 OK in 7ms (Views: 5.4ms | ActiveRecord: 0.4ms)


Started GET "/assets/jquery_ujs.js?body=1" for 127.0.0.1 at 2014-07-17 17:20:19 -0700


Started GET "/assets/jquery.js?body=1" for 127.0.0.1 at 2014-07-17 17:20:19 -0700


Started GET "/assets/urls.css?body=1" for 127.0.0.1 at 2014-07-17 17:20:19 -0700


Started GET "/assets/urls.js?body=1" for 127.0.0.1 at 2014-07-17 17:20:19 -0700


Started GET "/assets/application.css?body=1" for 127.0.0.1 at 2014-07-17 17:20:19 -0700


Started GET "/assets/turbolinks.js?body=1" for 127.0.0.1 at 2014-07-17 17:20:19 -0700


Started GET "/assets/application.js?body=1" for 127.0.0.1 at 2014-07-17 17:20:19 -0700


Started GET "/urls/3" for 127.0.0.1 at 2014-07-17 17:20:52 -0700
Processing by UrlsController#show as HTML
  Parameters: {"id"=>"3"}
  [1m[36mUrl Load (0.3ms)[0m  [1mSELECT  "urls".* FROM "urls"  WHERE "urls"."id" = $1 LIMIT 1[0m  [["id", 3]]
  Rendered urls/show.html.erb within layouts/application (1.9ms)
Completed 200 OK in 8ms (Views: 6.1ms | ActiveRecord: 0.3ms)


Started GET "/assets/application.css?body=1" for 127.0.0.1 at 2014-07-17 17:20:52 -0700


Started GET "/assets/jquery.js?body=1" for 127.0.0.1 at 2014-07-17 17:20:52 -0700


Started GET "/assets/jquery_ujs.js?body=1" for 127.0.0.1 at 2014-07-17 17:20:52 -0700


Started GET "/assets/urls.css?body=1" for 127.0.0.1 at 2014-07-17 17:20:52 -0700


Started GET "/assets/turbolinks.js?body=1" for 127.0.0.1 at 2014-07-17 17:20:52 -0700


Started GET "/assets/urls.js?body=1" for 127.0.0.1 at 2014-07-17 17:20:52 -0700


Started GET "/assets/application.js?body=1" for 127.0.0.1 at 2014-07-17 17:20:52 -0700


Started GET "/urls/3" for 127.0.0.1 at 2014-07-17 17:20:59 -0700
Processing by UrlsController#show as HTML
  Parameters: {"id"=>"3"}
  [1m[35mUrl Load (0.3ms)[0m  SELECT  "urls".* FROM "urls"  WHERE "urls"."id" = $1 LIMIT 1  [["id", 3]]
  Rendered urls/show.html.erb within layouts/application (1.5ms)
Completed 200 OK in 7ms (Views: 5.4ms | ActiveRecord: 0.3ms)


Started GET "/assets/application.css?body=1" for 127.0.0.1 at 2014-07-17 17:20:59 -0700


Started GET "/assets/urls.js?body=1" for 127.0.0.1 at 2014-07-17 17:20:59 -0700


Started GET "/assets/urls.css?body=1" for 127.0.0.1 at 2014-07-17 17:20:59 -0700


Started GET "/assets/turbolinks.js?body=1" for 127.0.0.1 at 2014-07-17 17:20:59 -0700


Started GET "/assets/jquery.js?body=1" for 127.0.0.1 at 2014-07-17 17:20:59 -0700


Started GET "/assets/jquery_ujs.js?body=1" for 127.0.0.1 at 2014-07-17 17:20:59 -0700


Started GET "/assets/application.js?body=1" for 127.0.0.1 at 2014-07-17 17:20:59 -0700


Started GET "/urls/3" for 127.0.0.1 at 2014-07-17 17:21:15 -0700
Processing by UrlsController#show as HTML
  Parameters: {"id"=>"3"}
  [1m[36mUrl Load (0.2ms)[0m  [1mSELECT  "urls".* FROM "urls"  WHERE "urls"."id" = $1 LIMIT 1[0m  [["id", 3]]
  Rendered urls/show.html.erb within layouts/application (1.2ms)
Completed 200 OK in 7ms (Views: 5.5ms | ActiveRecord: 0.2ms)


Started GET "/assets/urls.css?body=1" for 127.0.0.1 at 2014-07-17 17:21:15 -0700


Started GET "/assets/jquery.js?body=1" for 127.0.0.1 at 2014-07-17 17:21:15 -0700


Started GET "/assets/urls.js?body=1" for 127.0.0.1 at 2014-07-17 17:21:15 -0700


Started GET "/assets/application.css?body=1" for 127.0.0.1 at 2014-07-17 17:21:15 -0700


Started GET "/assets/jquery_ujs.js?body=1" for 127.0.0.1 at 2014-07-17 17:21:15 -0700


Started GET "/assets/turbolinks.js?body=1" for 127.0.0.1 at 2014-07-17 17:21:15 -0700


Started GET "/assets/application.js?body=1" for 127.0.0.1 at 2014-07-17 17:21:15 -0700


Started GET "/urls/3" for 127.0.0.1 at 2014-07-17 17:23:10 -0700
Processing by UrlsController#show as HTML
  Parameters: {"id"=>"3"}
  [1m[35mUrl Load (0.4ms)[0m  SELECT  "urls".* FROM "urls"  WHERE "urls"."id" = $1 LIMIT 1  [["id", 3]]
  Rendered urls/show.html.erb within layouts/application (1.1ms)
Completed 200 OK in 7ms (Views: 6.0ms | ActiveRecord: 0.4ms)


Started GET "/assets/jquery_ujs.js?body=1" for 127.0.0.1 at 2014-07-17 17:23:10 -0700


Started GET "/assets/application.css?body=1" for 127.0.0.1 at 2014-07-17 17:23:10 -0700


Started GET "/assets/urls.css?body=1" for 127.0.0.1 at 2014-07-17 17:23:10 -0700


Started GET "/assets/turbolinks.js?body=1" for 127.0.0.1 at 2014-07-17 17:23:10 -0700


Started GET "/assets/urls.js?body=1" for 127.0.0.1 at 2014-07-17 17:23:10 -0700


Started GET "/assets/application.js?body=1" for 127.0.0.1 at 2014-07-17 17:23:10 -0700


Started GET "/assets/jquery.js?body=1" for 127.0.0.1 at 2014-07-17 17:23:10 -0700


Started GET "/urls/3" for 127.0.0.1 at 2014-07-17 17:23:34 -0700
Processing by UrlsController#show as HTML
  Parameters: {"id"=>"3"}
  [1m[36mUrl Load (0.2ms)[0m  [1mSELECT  "urls".* FROM "urls"  WHERE "urls"."id" = $1 LIMIT 1[0m  [["id", 3]]
  Rendered urls/show.html.erb within layouts/application (0.9ms)
Completed 200 OK in 6ms (Views: 4.8ms | ActiveRecord: 0.2ms)


Started GET "/assets/urls.css?body=1" for 127.0.0.1 at 2014-07-17 17:23:35 -0700


Started GET "/assets/jquery_ujs.js?body=1" for 127.0.0.1 at 2014-07-17 17:23:35 -0700


Started GET "/assets/urls.js?body=1" for 127.0.0.1 at 2014-07-17 17:23:35 -0700


Started GET "/assets/jquery.js?body=1" for 127.0.0.1 at 2014-07-17 17:23:35 -0700


Started GET "/assets/turbolinks.js?body=1" for 127.0.0.1 at 2014-07-17 17:23:35 -0700


Started GET "/assets/application.css?body=1" for 127.0.0.1 at 2014-07-17 17:23:35 -0700


Started GET "/assets/application.js?body=1" for 127.0.0.1 at 2014-07-17 17:23:35 -0700


Started GET "/urls/3" for 127.0.0.1 at 2014-07-17 17:25:04 -0700
Processing by UrlsController#show as HTML
  Parameters: {"id"=>"3"}
  [1m[35mUrl Load (0.2ms)[0m  SELECT  "urls".* FROM "urls"  WHERE "urls"."id" = $1 LIMIT 1  [["id", 3]]
  Rendered urls/show.html.erb within layouts/application (1.2ms)
Completed 200 OK in 7ms (Views: 5.5ms | ActiveRecord: 0.2ms)


Started GET "/assets/urls.css?body=1" for 127.0.0.1 at 2014-07-17 17:25:05 -0700


Started GET "/assets/application.js?body=1" for 127.0.0.1 at 2014-07-17 17:25:05 -0700


Started GET "/assets/application.css?body=1" for 127.0.0.1 at 2014-07-17 17:25:05 -0700


Started GET "/assets/jquery.js?body=1" for 127.0.0.1 at 2014-07-17 17:25:05 -0700


Started GET "/assets/jquery_ujs.js?body=1" for 127.0.0.1 at 2014-07-17 17:25:05 -0700


Started GET "/assets/turbolinks.js?body=1" for 127.0.0.1 at 2014-07-17 17:25:05 -0700


Started GET "/assets/urls.js?body=1" for 127.0.0.1 at 2014-07-17 17:25:05 -0700


Started GET "/urls/3" for 127.0.0.1 at 2014-07-17 17:27:49 -0700
Processing by UrlsController#show as HTML
  Parameters: {"id"=>"3"}
  [1m[36mUrl Load (0.3ms)[0m  [1mSELECT  "urls".* FROM "urls"  WHERE "urls"."id" = $1 LIMIT 1[0m  [["id", 3]]
  Rendered urls/show.html.erb within layouts/application (0.9ms)
Completed 200 OK in 7ms (Views: 5.0ms | ActiveRecord: 0.3ms)


Started GET "/assets/application.css?body=1" for 127.0.0.1 at 2014-07-17 17:27:49 -0700


Started GET "/assets/jquery.js?body=1" for 127.0.0.1 at 2014-07-17 17:27:49 -0700


Started GET "/assets/jquery_ujs.js?body=1" for 127.0.0.1 at 2014-07-17 17:27:49 -0700


Started GET "/assets/turbolinks.js?body=1" for 127.0.0.1 at 2014-07-17 17:27:49 -0700


Started GET "/assets/urls.css?body=1" for 127.0.0.1 at 2014-07-17 17:27:49 -0700


Started GET "/assets/urls.js?body=1" for 127.0.0.1 at 2014-07-17 17:27:49 -0700


Started GET "/assets/application.js?body=1" for 127.0.0.1 at 2014-07-17 17:27:49 -0700


Started GET "/urls/3" for 127.0.0.1 at 2014-07-17 17:28:01 -0700
Processing by UrlsController#show as HTML
  Parameters: {"id"=>"3"}
  [1m[35mUrl Load (0.3ms)[0m  SELECT  "urls".* FROM "urls"  WHERE "urls"."id" = $1 LIMIT 1  [["id", 3]]
  Rendered urls/show.html.erb within layouts/application (1.1ms)
Completed 200 OK in 7ms (Views: 5.2ms | ActiveRecord: 0.3ms)


Started GET "/assets/urls.css?body=1" for 127.0.0.1 at 2014-07-17 17:28:01 -0700


Started GET "/assets/jquery_ujs.js?body=1" for 127.0.0.1 at 2014-07-17 17:28:01 -0700


Started GET "/assets/turbolinks.js?body=1" for 127.0.0.1 at 2014-07-17 17:28:01 -0700


Started GET "/assets/jquery.js?body=1" for 127.0.0.1 at 2014-07-17 17:28:02 -0700


Started GET "/assets/application.css?body=1" for 127.0.0.1 at 2014-07-17 17:28:02 -0700


Started GET "/assets/urls.js?body=1" for 127.0.0.1 at 2014-07-17 17:28:02 -0700


Started GET "/assets/application.js?body=1" for 127.0.0.1 at 2014-07-17 17:28:02 -0700


Started GET "/urls/3" for 127.0.0.1 at 2014-07-17 17:28:25 -0700
Processing by UrlsController#show as HTML
  Parameters: {"id"=>"3"}
  [1m[36mUrl Load (0.3ms)[0m  [1mSELECT  "urls".* FROM "urls"  WHERE "urls"."id" = $1 LIMIT 1[0m  [["id", 3]]
  Rendered urls/show.html.erb within layouts/application (0.9ms)
Completed 200 OK in 6ms (Views: 4.8ms | ActiveRecord: 0.3ms)


Started GET "/assets/urls.css?body=1" for 127.0.0.1 at 2014-07-17 17:28:25 -0700


Started GET "/assets/jquery.js?body=1" for 127.0.0.1 at 2014-07-17 17:28:25 -0700


Started GET "/assets/jquery_ujs.js?body=1" for 127.0.0.1 at 2014-07-17 17:28:25 -0700


Started GET "/assets/turbolinks.js?body=1" for 127.0.0.1 at 2014-07-17 17:28:25 -0700


Started GET "/assets/urls.js?body=1" for 127.0.0.1 at 2014-07-17 17:28:25 -0700


Started GET "/assets/application.js?body=1" for 127.0.0.1 at 2014-07-17 17:28:25 -0700


Started GET "/assets/application.css?body=1" for 127.0.0.1 at 2014-07-17 17:28:25 -0700


Started GET "/urls/3" for 127.0.0.1 at 2014-07-17 17:28:50 -0700
Processing by UrlsController#show as HTML
  Parameters: {"id"=>"3"}
  [1m[35mUrl Load (0.3ms)[0m  SELECT  "urls".* FROM "urls"  WHERE "urls"."id" = $1 LIMIT 1  [["id", 3]]
  Rendered urls/show.html.erb within layouts/application (1.0ms)
Completed 200 OK in 6ms (Views: 4.8ms | ActiveRecord: 0.3ms)


Started GET "/assets/urls.css?body=1" for 127.0.0.1 at 2014-07-17 17:28:50 -0700


Started GET "/assets/application.css?body=1" for 127.0.0.1 at 2014-07-17 17:28:50 -0700


Started GET "/assets/jquery.js?body=1" for 127.0.0.1 at 2014-07-17 17:28:50 -0700


Started GET "/assets/jquery_ujs.js?body=1" for 127.0.0.1 at 2014-07-17 17:28:50 -0700


Started GET "/assets/application.js?body=1" for 127.0.0.1 at 2014-07-17 17:28:50 -0700


Started GET "/assets/urls.js?body=1" for 127.0.0.1 at 2014-07-17 17:28:50 -0700


Started GET "/assets/turbolinks.js?body=1" for 127.0.0.1 at 2014-07-17 17:28:50 -0700


Started GET "/urls/3" for 127.0.0.1 at 2014-07-17 17:28:54 -0700
Processing by UrlsController#show as HTML
  Parameters: {"id"=>"3"}
  [1m[36mUrl Load (0.3ms)[0m  [1mSELECT  "urls".* FROM "urls"  WHERE "urls"."id" = $1 LIMIT 1[0m  [["id", 3]]
  Rendered urls/show.html.erb within layouts/application (1.3ms)
Completed 200 OK in 9ms (Views: 7.4ms | ActiveRecord: 0.3ms)


Started GET "/urls/3" for 127.0.0.1 at 2014-07-17 17:28:57 -0700
Processing by UrlsController#show as HTML
  Parameters: {"id"=>"3"}
  [1m[35mUrl Load (0.3ms)[0m  SELECT  "urls".* FROM "urls"  WHERE "urls"."id" = $1 LIMIT 1  [["id", 3]]
  Rendered urls/show.html.erb within layouts/application (0.6ms)
Completed 200 OK in 8ms (Views: 5.9ms | ActiveRecord: 0.3ms)


Started GET "/urls/3" for 127.0.0.1 at 2014-07-17 17:29:16 -0700
Processing by UrlsController#show as HTML
  Parameters: {"id"=>"3"}
  [1m[36mUrl Load (0.6ms)[0m  [1mSELECT  "urls".* FROM "urls"  WHERE "urls"."id" = $1 LIMIT 1[0m  [["id", 3]]
  Rendered urls/show.html.erb within layouts/application (1.1ms)
Completed 200 OK in 7ms (Views: 5.0ms | ActiveRecord: 0.6ms)


Started GET "/assets/jquery.js?body=1" for 127.0.0.1 at 2014-07-17 17:29:16 -0700


Started GET "/assets/urls.css?body=1" for 127.0.0.1 at 2014-07-17 17:29:16 -0700


Started GET "/assets/turbolinks.js?body=1" for 127.0.0.1 at 2014-07-17 17:29:16 -0700


Started GET "/assets/urls.js?body=1" for 127.0.0.1 at 2014-07-17 17:29:16 -0700


Started GET "/assets/jquery_ujs.js?body=1" for 127.0.0.1 at 2014-07-17 17:29:16 -0700


Started GET "/assets/application.css?body=1" for 127.0.0.1 at 2014-07-17 17:29:16 -0700


Started GET "/assets/application.js?body=1" for 127.0.0.1 at 2014-07-17 17:29:16 -0700


Started GET "/urls/3" for 127.0.0.1 at 2014-07-17 17:29:41 -0700
Processing by UrlsController#show as HTML
  Parameters: {"id"=>"3"}
  [1m[35mUrl Load (0.2ms)[0m  SELECT  "urls".* FROM "urls"  WHERE "urls"."id" = $1 LIMIT 1  [["id", 3]]
  Rendered urls/show.html.erb within layouts/application (1.0ms)
Completed 200 OK in 6ms (Views: 4.9ms | ActiveRecord: 0.2ms)


Started GET "/assets/application.css?body=1" for 127.0.0.1 at 2014-07-17 17:29:41 -0700


Started GET "/assets/urls.css?body=1" for 127.0.0.1 at 2014-07-17 17:29:41 -0700


Started GET "/assets/jquery.js?body=1" for 127.0.0.1 at 2014-07-17 17:29:41 -0700


Started GET "/assets/jquery_ujs.js?body=1" for 127.0.0.1 at 2014-07-17 17:29:41 -0700


Started GET "/assets/urls.js?body=1" for 127.0.0.1 at 2014-07-17 17:29:41 -0700


Started GET "/assets/turbolinks.js?body=1" for 127.0.0.1 at 2014-07-17 17:29:41 -0700


Started GET "/assets/application.js?body=1" for 127.0.0.1 at 2014-07-17 17:29:41 -0700


Started GET "/urls/3" for 127.0.0.1 at 2014-07-17 17:29:53 -0700
Processing by UrlsController#show as HTML
  Parameters: {"id"=>"3"}
  [1m[36mUrl Load (0.6ms)[0m  [1mSELECT  "urls".* FROM "urls"  WHERE "urls"."id" = $1 LIMIT 1[0m  [["id", 3]]
  Rendered urls/show.html.erb within layouts/application (1.7ms)
Completed 200 OK in 11ms (Views: 8.7ms | ActiveRecord: 0.6ms)


Started GET "/urls/3" for 127.0.0.1 at 2014-07-17 17:30:08 -0700
Processing by UrlsController#show as HTML
  Parameters: {"id"=>"3"}
  [1m[35mUrl Load (0.3ms)[0m  SELECT  "urls".* FROM "urls"  WHERE "urls"."id" = $1 LIMIT 1  [["id", 3]]
  Rendered urls/show.html.erb within layouts/application (1.2ms)
Completed 200 OK in 8ms (Views: 6.3ms | ActiveRecord: 0.3ms)


Started GET "/assets/urls.css?body=1" for 127.0.0.1 at 2014-07-17 17:30:08 -0700


Started GET "/assets/application.css?body=1" for 127.0.0.1 at 2014-07-17 17:30:08 -0700


Started GET "/assets/jquery.js?body=1" for 127.0.0.1 at 2014-07-17 17:30:08 -0700


Started GET "/assets/jquery_ujs.js?body=1" for 127.0.0.1 at 2014-07-17 17:30:08 -0700


Started GET "/assets/urls.js?body=1" for 127.0.0.1 at 2014-07-17 17:30:08 -0700


Started GET "/assets/turbolinks.js?body=1" for 127.0.0.1 at 2014-07-17 17:30:08 -0700


Started GET "/assets/application.js?body=1" for 127.0.0.1 at 2014-07-17 17:30:08 -0700


Started GET "/urls/3" for 127.0.0.1 at 2014-07-17 17:30:29 -0700
Processing by UrlsController#show as HTML
  Parameters: {"id"=>"3"}
  [1m[36mUrl Load (0.3ms)[0m  [1mSELECT  "urls".* FROM "urls"  WHERE "urls"."id" = $1 LIMIT 1[0m  [["id", 3]]
  Rendered urls/show.html.erb within layouts/application (0.9ms)
Completed 200 OK in 7ms (Views: 5.5ms | ActiveRecord: 0.3ms)


Started GET "/assets/urls.css?body=1" for 127.0.0.1 at 2014-07-17 17:30:29 -0700


Started GET "/assets/turbolinks.js?body=1" for 127.0.0.1 at 2014-07-17 17:30:29 -0700


Started GET "/assets/jquery_ujs.js?body=1" for 127.0.0.1 at 2014-07-17 17:30:29 -0700


Started GET "/assets/urls.js?body=1" for 127.0.0.1 at 2014-07-17 17:30:29 -0700


Started GET "/assets/application.css?body=1" for 127.0.0.1 at 2014-07-17 17:30:29 -0700


Started GET "/assets/application.js?body=1" for 127.0.0.1 at 2014-07-17 17:30:29 -0700


Started GET "/assets/jquery.js?body=1" for 127.0.0.1 at 2014-07-17 17:30:29 -0700


Started GET "/" for 127.0.0.1 at 2014-07-17 17:58:21 -0700
Processing by UrlsController#index as HTML
  [1m[35mUrl Load (0.6ms)[0m  SELECT "urls".* FROM "urls"
  Rendered urls/index.html.erb within layouts/application (2.8ms)
Completed 200 OK in 9ms (Views: 7.7ms | ActiveRecord: 0.6ms)


Started GET "/assets/urls.css?body=1" for 127.0.0.1 at 2014-07-17 17:58:21 -0700


Started GET "/assets/jquery.js?body=1" for 127.0.0.1 at 2014-07-17 17:58:21 -0700


Started GET "/assets/jquery_ujs.js?body=1" for 127.0.0.1 at 2014-07-17 17:58:21 -0700


Started GET "/assets/application.css?body=1" for 127.0.0.1 at 2014-07-17 17:58:21 -0700


Started GET "/assets/turbolinks.js?body=1" for 127.0.0.1 at 2014-07-17 17:58:21 -0700


Started GET "/assets/application.js?body=1" for 127.0.0.1 at 2014-07-17 17:58:21 -0700


Started GET "/assets/urls.js?body=1" for 127.0.0.1 at 2014-07-17 17:58:21 -0700


Started GET "/" for 127.0.0.1 at 2014-07-17 18:03:17 -0700
Processing by UrlsController#index as HTML
  [1m[36mUrl Load (0.4ms)[0m  [1mSELECT "urls".* FROM "urls"[0m
  Rendered urls/index.html.erb within layouts/application (2.0ms)
Completed 200 OK in 7ms (Views: 5.6ms | ActiveRecord: 0.4ms)


Started GET "/assets/turbolinks.js?body=1" for 127.0.0.1 at 2014-07-17 18:03:18 -0700


Started GET "/assets/urls.js?body=1" for 127.0.0.1 at 2014-07-17 18:03:18 -0700


Started GET "/assets/jquery_ujs.js?body=1" for 127.0.0.1 at 2014-07-17 18:03:18 -0700


Started GET "/assets/urls.css?body=1" for 127.0.0.1 at 2014-07-17 18:03:18 -0700


Started GET "/assets/jquery.js?body=1" for 127.0.0.1 at 2014-07-17 18:03:18 -0700


Started GET "/assets/application.css?body=1" for 127.0.0.1 at 2014-07-17 18:03:18 -0700


Started GET "/assets/application.js?body=1" for 127.0.0.1 at 2014-07-17 18:03:18 -0700


Started GET "/" for 127.0.0.1 at 2014-07-17 18:03:49 -0700
Processing by UrlsController#index as HTML
  [1m[35mUrl Load (0.4ms)[0m  SELECT "urls".* FROM "urls"
  Rendered urls/index.html.erb within layouts/application (1.9ms)
Completed 200 OK in 6ms (Views: 5.5ms | ActiveRecord: 0.4ms)


Started GET "/assets/application.css?body=1" for 127.0.0.1 at 2014-07-17 18:03:49 -0700


Started GET "/assets/jquery.js?body=1" for 127.0.0.1 at 2014-07-17 18:03:49 -0700


Started GET "/assets/urls.js?body=1" for 127.0.0.1 at 2014-07-17 18:03:49 -0700


Started GET "/assets/turbolinks.js?body=1" for 127.0.0.1 at 2014-07-17 18:03:49 -0700


Started GET "/assets/jquery_ujs.js?body=1" for 127.0.0.1 at 2014-07-17 18:03:49 -0700


Started GET "/assets/urls.css?body=1" for 127.0.0.1 at 2014-07-17 18:03:49 -0700


Started GET "/assets/application.js?body=1" for 127.0.0.1 at 2014-07-17 18:03:49 -0700


Started GET "/" for 127.0.0.1 at 2014-07-17 18:05:42 -0700
Processing by UrlsController#index as HTML
  [1m[36mUrl Load (0.4ms)[0m  [1mSELECT "urls".* FROM "urls"[0m
  Rendered urls/index.html.erb within layouts/application (1.7ms)
Completed 200 OK in 7ms (Views: 6.1ms | ActiveRecord: 0.4ms)


Started GET "/assets/application.css?body=1" for 127.0.0.1 at 2014-07-17 18:05:42 -0700


Started GET "/assets/jquery_ujs.js?body=1" for 127.0.0.1 at 2014-07-17 18:05:42 -0700


Started GET "/assets/urls.js?body=1" for 127.0.0.1 at 2014-07-17 18:05:42 -0700


Started GET "/assets/urls.css?body=1" for 127.0.0.1 at 2014-07-17 18:05:42 -0700


Started GET "/assets/application.js?body=1" for 127.0.0.1 at 2014-07-17 18:05:42 -0700


Started GET "/assets/jquery.js?body=1" for 127.0.0.1 at 2014-07-17 18:05:42 -0700


Started GET "/assets/turbolinks.js?body=1" for 127.0.0.1 at 2014-07-17 18:05:42 -0700


Started GET "/" for 127.0.0.1 at 2014-07-17 18:08:10 -0700
Processing by UrlsController#index as HTML
  [1m[35mUrl Load (0.4ms)[0m  SELECT "urls".* FROM "urls"
  Rendered urls/index.html.erb within layouts/application (1.7ms)
Completed 200 OK in 7ms (Views: 5.5ms | ActiveRecord: 0.4ms)


Started GET "/assets/jquery_ujs.js?body=1" for 127.0.0.1 at 2014-07-17 18:08:10 -0700


Started GET "/assets/turbolinks.js?body=1" for 127.0.0.1 at 2014-07-17 18:08:10 -0700


Started GET "/assets/application.css?body=1" for 127.0.0.1 at 2014-07-17 18:08:10 -0700


Started GET "/assets/jquery.js?body=1" for 127.0.0.1 at 2014-07-17 18:08:10 -0700


Started GET "/assets/urls.js?body=1" for 127.0.0.1 at 2014-07-17 18:08:10 -0700


Started GET "/assets/urls.css?body=1" for 127.0.0.1 at 2014-07-17 18:08:10 -0700


Started GET "/assets/application.js?body=1" for 127.0.0.1 at 2014-07-17 18:08:10 -0700


Started GET "/urls/3" for 127.0.0.1 at 2014-07-17 18:08:19 -0700
Processing by UrlsController#show as HTML
  Parameters: {"id"=>"3"}
  [1m[36mUrl Load (0.5ms)[0m  [1mSELECT  "urls".* FROM "urls"  WHERE "urls"."id" = $1 LIMIT 1[0m  [["id", 3]]
  Rendered urls/show.html.erb within layouts/application (1.2ms)
Completed 200 OK in 9ms (Views: 6.6ms | ActiveRecord: 0.5ms)


Started GET "/assets/urls.css?body=1" for 127.0.0.1 at 2014-07-17 18:08:19 -0700


Started GET "/assets/application.css?body=1" for 127.0.0.1 at 2014-07-17 18:08:19 -0700


Started GET "/assets/jquery.js?body=1" for 127.0.0.1 at 2014-07-17 18:08:19 -0700


Started GET "/assets/urls.js?body=1" for 127.0.0.1 at 2014-07-17 18:08:19 -0700


Started GET "/assets/jquery_ujs.js?body=1" for 127.0.0.1 at 2014-07-17 18:08:19 -0700


Started GET "/assets/turbolinks.js?body=1" for 127.0.0.1 at 2014-07-17 18:08:19 -0700


Started GET "/assets/application.js?body=1" for 127.0.0.1 at 2014-07-17 18:08:19 -0700


Started GET "/urls/3" for 127.0.0.1 at 2014-07-17 18:10:25 -0700
Processing by UrlsController#show as HTML
  Parameters: {"id"=>"3"}
  [1m[35mUrl Load (0.3ms)[0m  SELECT  "urls".* FROM "urls"  WHERE "urls"."id" = $1 LIMIT 1  [["id", 3]]
  Rendered urls/show.html.erb within layouts/application (0.5ms)
Completed 200 OK in 6ms (Views: 4.2ms | ActiveRecord: 0.3ms)


Started GET "/assets/jquery.js?body=1" for 127.0.0.1 at 2014-07-17 18:10:25 -0700


Started GET "/assets/jquery_ujs.js?body=1" for 127.0.0.1 at 2014-07-17 18:10:25 -0700


Started GET "/assets/application.css?body=1" for 127.0.0.1 at 2014-07-17 18:10:25 -0700


Started GET "/assets/turbolinks.js?body=1" for 127.0.0.1 at 2014-07-17 18:10:25 -0700


Started GET "/assets/application.js?body=1" for 127.0.0.1 at 2014-07-17 18:10:25 -0700


Started GET "/assets/urls.js?body=1" for 127.0.0.1 at 2014-07-17 18:10:25 -0700


Started GET "/assets/urls.css?body=1" for 127.0.0.1 at 2014-07-17 18:10:25 -0700


Started GET "/urls/3" for 127.0.0.1 at 2014-07-17 18:10:27 -0700
Processing by UrlsController#show as HTML
  Parameters: {"id"=>"3"}
  [1m[36mUrl Load (0.3ms)[0m  [1mSELECT  "urls".* FROM "urls"  WHERE "urls"."id" = $1 LIMIT 1[0m  [["id", 3]]
  Rendered urls/show.html.erb within layouts/application (0.4ms)
Completed 200 OK in 6ms (Views: 4.2ms | ActiveRecord: 0.3ms)


Started GET "/assets/application.css?body=1" for 127.0.0.1 at 2014-07-17 18:10:27 -0700


Started GET "/assets/jquery_ujs.js?body=1" for 127.0.0.1 at 2014-07-17 18:10:27 -0700


Started GET "/assets/urls.js?body=1" for 127.0.0.1 at 2014-07-17 18:10:27 -0700


Started GET "/assets/urls.css?body=1" for 127.0.0.1 at 2014-07-17 18:10:27 -0700


Started GET "/assets/jquery.js?body=1" for 127.0.0.1 at 2014-07-17 18:10:27 -0700


Started GET "/assets/turbolinks.js?body=1" for 127.0.0.1 at 2014-07-17 18:10:27 -0700


Started GET "/assets/application.js?body=1" for 127.0.0.1 at 2014-07-17 18:10:27 -0700


Started GET "/" for 127.0.0.1 at 2014-07-17 18:10:33 -0700
Processing by UrlsController#index as HTML
  [1m[35mUrl Load (0.5ms)[0m  SELECT "urls".* FROM "urls"
  Rendered urls/index.html.erb within layouts/application (2.2ms)
Completed 200 OK in 7ms (Views: 6.2ms | ActiveRecord: 0.5ms)


Started GET "/assets/urls.css?body=1" for 127.0.0.1 at 2014-07-17 18:10:33 -0700


Started GET "/assets/application.css?body=1" for 127.0.0.1 at 2014-07-17 18:10:33 -0700


Started GET "/assets/urls.js?body=1" for 127.0.0.1 at 2014-07-17 18:10:33 -0700


Started GET "/assets/jquery_ujs.js?body=1" for 127.0.0.1 at 2014-07-17 18:10:33 -0700


Started GET "/assets/turbolinks.js?body=1" for 127.0.0.1 at 2014-07-17 18:10:33 -0700


Started GET "/assets/application.js?body=1" for 127.0.0.1 at 2014-07-17 18:10:33 -0700


Started GET "/assets/jquery.js?body=1" for 127.0.0.1 at 2014-07-17 18:10:33 -0700


Started GET "/" for 127.0.0.1 at 2014-07-17 18:12:43 -0700
Processing by UrlsController#index as HTML
  [1m[36mUrl Load (0.5ms)[0m  [1mSELECT "urls".* FROM "urls"[0m
  Rendered urls/index.html.erb within layouts/application (1.9ms)
Completed 200 OK in 8ms (Views: 6.7ms | ActiveRecord: 0.5ms)


Started GET "/assets/jquery_ujs.js?body=1" for 127.0.0.1 at 2014-07-17 18:12:43 -0700


Started GET "/assets/jquery.js?body=1" for 127.0.0.1 at 2014-07-17 18:12:43 -0700


Started GET "/assets/urls.css?body=1" for 127.0.0.1 at 2014-07-17 18:12:43 -0700


Started GET "/assets/application.css?body=1" for 127.0.0.1 at 2014-07-17 18:12:43 -0700


Started GET "/assets/urls.js?body=1" for 127.0.0.1 at 2014-07-17 18:12:43 -0700


Started GET "/assets/turbolinks.js?body=1" for 127.0.0.1 at 2014-07-17 18:12:43 -0700


Started GET "/assets/application.js?body=1" for 127.0.0.1 at 2014-07-17 18:12:43 -0700


Started GET "/" for 127.0.0.1 at 2014-07-17 18:13:00 -0700
Processing by UrlsController#index as HTML
  [1m[35mUrl Load (0.8ms)[0m  SELECT "urls".* FROM "urls"
  Rendered urls/index.html.erb within layouts/application (2.5ms)
Completed 200 OK in 7ms (Views: 6.1ms | ActiveRecord: 0.8ms)


Started GET "/assets/urls.css?body=1" for 127.0.0.1 at 2014-07-17 18:13:00 -0700


Started GET "/assets/application.css?body=1" for 127.0.0.1 at 2014-07-17 18:13:00 -0700


Started GET "/assets/jquery.js?body=1" for 127.0.0.1 at 2014-07-17 18:13:00 -0700


Started GET "/assets/turbolinks.js?body=1" for 127.0.0.1 at 2014-07-17 18:13:00 -0700


Started GET "/assets/urls.js?body=1" for 127.0.0.1 at 2014-07-17 18:13:00 -0700


Started GET "/assets/application.js?body=1" for 127.0.0.1 at 2014-07-17 18:13:00 -0700


Started GET "/assets/jquery_ujs.js?body=1" for 127.0.0.1 at 2014-07-17 18:13:00 -0700


Started GET "/" for 127.0.0.1 at 2014-07-17 18:13:37 -0700
Processing by UrlsController#index as HTML
  [1m[36mUrl Load (0.4ms)[0m  [1mSELECT "urls".* FROM "urls"[0m
  Rendered urls/index.html.erb within layouts/application (1.1ms)
Completed 200 OK in 5ms (Views: 4.5ms | ActiveRecord: 0.4ms)


Started GET "/assets/application.css?body=1" for 127.0.0.1 at 2014-07-17 18:13:37 -0700


Started GET "/assets/jquery.js?body=1" for 127.0.0.1 at 2014-07-17 18:13:37 -0700


Started GET "/assets/jquery_ujs.js?body=1" for 127.0.0.1 at 2014-07-17 18:13:37 -0700


Started GET "/assets/turbolinks.js?body=1" for 127.0.0.1 at 2014-07-17 18:13:37 -0700


Started GET "/assets/urls.css?body=1" for 127.0.0.1 at 2014-07-17 18:13:37 -0700


Started GET "/assets/urls.js?body=1" for 127.0.0.1 at 2014-07-17 18:13:37 -0700


Started GET "/assets/application.js?body=1" for 127.0.0.1 at 2014-07-17 18:13:37 -0700


Started GET "/" for 127.0.0.1 at 2014-07-17 18:17:02 -0700
Processing by UrlsController#index as HTML
  [1m[35mUrl Load (0.6ms)[0m  SELECT "urls".* FROM "urls"
  Rendered urls/index.html.erb within layouts/application (2.0ms)
Completed 200 OK in 7ms (Views: 6.4ms | ActiveRecord: 0.6ms)


Started GET "/assets/application.css?body=1" for 127.0.0.1 at 2014-07-17 18:17:02 -0700


Started GET "/assets/urls.js?body=1" for 127.0.0.1 at 2014-07-17 18:17:02 -0700


Started GET "/assets/turbolinks.js?body=1" for 127.0.0.1 at 2014-07-17 18:17:02 -0700


Started GET "/assets/urls.css?body=1" for 127.0.0.1 at 2014-07-17 18:17:02 -0700


Started GET "/assets/jquery_ujs.js?body=1" for 127.0.0.1 at 2014-07-17 18:17:02 -0700


Started GET "/assets/jquery.js?body=1" for 127.0.0.1 at 2014-07-17 18:17:02 -0700


Started GET "/assets/application.js?body=1" for 127.0.0.1 at 2014-07-17 18:17:02 -0700


Started GET "/urls/new" for 127.0.0.1 at 2014-07-17 18:17:03 -0700
Processing by UrlsController#new as HTML
  Rendered urls/new.html.erb within layouts/application (2.3ms)
Completed 200 OK in 9ms (Views: 8.3ms | ActiveRecord: 0.0ms)


Started GET "/assets/urls.css?body=1" for 127.0.0.1 at 2014-07-17 18:17:03 -0700


Started GET "/assets/application.css?body=1" for 127.0.0.1 at 2014-07-17 18:17:03 -0700


Started GET "/assets/jquery.js?body=1" for 127.0.0.1 at 2014-07-17 18:17:03 -0700


Started GET "/assets/jquery_ujs.js?body=1" for 127.0.0.1 at 2014-07-17 18:17:03 -0700


Started GET "/assets/urls.js?body=1" for 127.0.0.1 at 2014-07-17 18:17:03 -0700


Started GET "/assets/application.js?body=1" for 127.0.0.1 at 2014-07-17 18:17:03 -0700


Started GET "/assets/turbolinks.js?body=1" for 127.0.0.1 at 2014-07-17 18:17:03 -0700


Started GET "/" for 127.0.0.1 at 2014-07-18 06:07:59 -0700
  [1m[36mActiveRecord::SchemaMigration Load (2.8ms)[0m  [1mSELECT "schema_migrations".* FROM "schema_migrations"[0m
Processing by UrlsController#index as HTML
  [1m[35mUrl Load (1.5ms)[0m  SELECT "urls".* FROM "urls"
  Rendered urls/index.html.erb within layouts/application (12.6ms)
Completed 200 OK in 89ms (Views: 65.6ms | ActiveRecord: 5.6ms)


Started GET "/" for 127.0.0.1 at 2014-07-18 06:07:59 -0700
Processing by UrlsController#index as HTML
  [1m[36mUrl Load (0.3ms)[0m  [1mSELECT "urls".* FROM "urls"[0m
  Rendered urls/index.html.erb within layouts/application (0.9ms)
Completed 200 OK in 5ms (Views: 4.1ms | ActiveRecord: 0.3ms)


Started GET "/assets/application.css?body=1" for 127.0.0.1 at 2014-07-18 06:07:59 -0700


Started GET "/assets/urls.css?body=1" for 127.0.0.1 at 2014-07-18 06:07:59 -0700


Started GET "/assets/jquery_ujs.js?body=1" for 127.0.0.1 at 2014-07-18 06:07:59 -0700


Started GET "/assets/jquery.js?body=1" for 127.0.0.1 at 2014-07-18 06:07:59 -0700


Started GET "/assets/urls.js?body=1" for 127.0.0.1 at 2014-07-18 06:07:59 -0700


Started GET "/assets/turbolinks.js?body=1" for 127.0.0.1 at 2014-07-18 06:07:59 -0700


Started GET "/assets/application.js?body=1" for 127.0.0.1 at 2014-07-18 06:07:59 -0700


Started GET "/urls/new" for 127.0.0.1 at 2014-07-18 06:08:03 -0700
Processing by UrlsController#new as HTML
  Rendered urls/new.html.erb within layouts/application (17.4ms)
Completed 200 OK in 24ms (Views: 23.0ms | ActiveRecord: 0.0ms)


Started GET "/assets/urls.css?body=1" for 127.0.0.1 at 2014-07-18 06:08:03 -0700


Started GET "/assets/application.css?body=1" for 127.0.0.1 at 2014-07-18 06:08:03 -0700


Started GET "/assets/jquery.js?body=1" for 127.0.0.1 at 2014-07-18 06:08:03 -0700


Started GET "/assets/turbolinks.js?body=1" for 127.0.0.1 at 2014-07-18 06:08:03 -0700


Started GET "/assets/jquery_ujs.js?body=1" for 127.0.0.1 at 2014-07-18 06:08:03 -0700


Started GET "/assets/urls.js?body=1" for 127.0.0.1 at 2014-07-18 06:08:03 -0700


Started GET "/assets/application.js?body=1" for 127.0.0.1 at 2014-07-18 06:08:03 -0700


Started POST "/urls" for 127.0.0.1 at 2014-07-18 06:08:11 -0700
Processing by UrlsController#create as HTML
  Parameters: {"utf8"=>"✓", "authenticity_token"=>"ywdg87twGzvpBTCCy6aVFRppv94JBHd3BUl4FwGYIes=", "url"=>{"link"=>"www.hotmail.com"}}
  [1m[35m (0.5ms)[0m  BEGIN
  [1m[36mSQL (4.9ms)[0m  [1mINSERT INTO "urls" ("created_at", "link", "random_string", "updated_at") VALUES ($1, $2, $3, $4) RETURNING "id"[0m  [["created_at", "2014-07-18 13:08:11.532626"], ["link", "www.hotmail.com"], ["random_string", "cjjMvA"], ["updated_at", "2014-07-18 13:08:11.532626"]]
  [1m[35m (3.0ms)[0m  COMMIT
Redirected to http://localhost:3000/urls/4
Completed 302 Found in 16ms (ActiveRecord: 8.6ms)


Started GET "/urls/4" for 127.0.0.1 at 2014-07-18 06:08:11 -0700
Processing by UrlsController#show as HTML
  Parameters: {"id"=>"4"}
  [1m[36mUrl Load (1.0ms)[0m  [1mSELECT  "urls".* FROM "urls"  WHERE "urls"."id" = $1 LIMIT 1[0m  [["id", 4]]
  Rendered urls/show.html.erb within layouts/application (1.4ms)
Completed 200 OK in 12ms (Views: 7.9ms | ActiveRecord: 1.0ms)


Started GET "/assets/urls.css?body=1" for 127.0.0.1 at 2014-07-18 06:08:11 -0700


Started GET "/assets/jquery_ujs.js?body=1" for 127.0.0.1 at 2014-07-18 06:08:11 -0700


Started GET "/assets/urls.js?body=1" for 127.0.0.1 at 2014-07-18 06:08:11 -0700


Started GET "/assets/application.css?body=1" for 127.0.0.1 at 2014-07-18 06:08:11 -0700


Started GET "/assets/jquery.js?body=1" for 127.0.0.1 at 2014-07-18 06:08:11 -0700


Started GET "/assets/turbolinks.js?body=1" for 127.0.0.1 at 2014-07-18 06:08:11 -0700


Started GET "/assets/application.js?body=1" for 127.0.0.1 at 2014-07-18 06:08:11 -0700


Started GET "/urls" for 127.0.0.1 at 2014-07-18 06:08:23 -0700
Processing by UrlsController#index as HTML
  [1m[35mUrl Load (4.0ms)[0m  SELECT "urls".* FROM "urls"
  Rendered urls/index.html.erb within layouts/application (8.1ms)
Completed 200 OK in 17ms (Views: 11.8ms | ActiveRecord: 4.0ms)


Started GET "/urls" for 127.0.0.1 at 2014-07-18 06:23:40 -0700
Processing by UrlsController#index as HTML
  [1m[36mUrl Load (0.7ms)[0m  [1mSELECT "urls".* FROM "urls"[0m
  Rendered urls/index.html.erb within layouts/application (1.8ms)
Completed 200 OK in 8ms (Views: 6.9ms | ActiveRecord: 0.7ms)


Started GET "/assets/turbolinks.js?body=1" for 127.0.0.1 at 2014-07-18 06:23:40 -0700


Started GET "/assets/application.css?body=1" for 127.0.0.1 at 2014-07-18 06:23:40 -0700


Started GET "/assets/urls.css?body=1" for 127.0.0.1 at 2014-07-18 06:23:40 -0700


Started GET "/assets/jquery_ujs.js?body=1" for 127.0.0.1 at 2014-07-18 06:23:40 -0700


Started GET "/assets/jquery.js?body=1" for 127.0.0.1 at 2014-07-18 06:23:40 -0700


Started GET "/assets/urls.js?body=1" for 127.0.0.1 at 2014-07-18 06:23:40 -0700


Started GET "/assets/application.js?body=1" for 127.0.0.1 at 2014-07-18 06:23:40 -0700


Started GET "/urls" for 127.0.0.1 at 2014-07-18 06:24:41 -0700
Processing by UrlsController#index as HTML
  [1m[35mUrl Load (0.4ms)[0m  SELECT "urls".* FROM "urls"
  Rendered urls/index.html.erb within layouts/application (1.1ms)
Completed 200 OK in 6ms (Views: 5.2ms | ActiveRecord: 0.4ms)


Started GET "/assets/urls.css?body=1" for 127.0.0.1 at 2014-07-18 06:24:42 -0700


Started GET "/assets/application.css?body=1" for 127.0.0.1 at 2014-07-18 06:24:42 -0700


Started GET "/assets/jquery.js?body=1" for 127.0.0.1 at 2014-07-18 06:24:42 -0700


Started GET "/assets/urls.js?body=1" for 127.0.0.1 at 2014-07-18 06:24:42 -0700


Started GET "/assets/turbolinks.js?body=1" for 127.0.0.1 at 2014-07-18 06:24:42 -0700


Started GET "/assets/jquery_ujs.js?body=1" for 127.0.0.1 at 2014-07-18 06:24:42 -0700


Started GET "/assets/application.js?body=1" for 127.0.0.1 at 2014-07-18 06:24:42 -0700


Started GET "/urls/new" for 127.0.0.1 at 2014-07-18 06:24:53 -0700
Processing by UrlsController#new as HTML
  Rendered urls/new.html.erb within layouts/application (1.7ms)
Completed 200 OK in 11ms (Views: 9.5ms | ActiveRecord: 0.0ms)


Started GET "/assets/urls.css?body=1" for 127.0.0.1 at 2014-07-18 06:24:54 -0700


Started GET "/assets/application.css?body=1" for 127.0.0.1 at 2014-07-18 06:24:54 -0700


Started GET "/assets/jquery_ujs.js?body=1" for 127.0.0.1 at 2014-07-18 06:24:54 -0700


Started GET "/assets/turbolinks.js?body=1" for 127.0.0.1 at 2014-07-18 06:24:54 -0700


Started GET "/assets/jquery.js?body=1" for 127.0.0.1 at 2014-07-18 06:24:54 -0700


Started GET "/assets/urls.js?body=1" for 127.0.0.1 at 2014-07-18 06:24:54 -0700


Started GET "/assets/application.js?body=1" for 127.0.0.1 at 2014-07-18 06:24:54 -0700
